Unity Editor version:    2022.3.4f1 (35713cd46cd7)
Branch:                  2022.3/staging
Build type:              Release
Batch mode:              YES
macOS version:           Version 13.2.1 (Build 22D68)
Darwin version:          22.3.0
Architecture:            arm64
Running under Rosetta:   NO
Available memory:        8192 MB
Using pre-set license
Pro License: YES

COMMAND LINE ARGUMENTS:
/Applications/Unity/Hub/Editor/2022.3.4f1/Unity.app/Contents/MacOS/Unity
-adb2
-batchMode
-noUpm
-name
AssetImportWorker5
-projectPath
/Users/Maksym/Work/romeVsBarbarians2
-logFile
Logs/AssetImportWorker5.log
-srvPort
59589
Successfully changed project path to: /Users/Maksym/Work/romeVsBarbarians2
/Users/Maksym/Work/romeVsBarbarians2
[UnityMemory] Configuration Parameters - Can be set up in boot.config
    "memorysetup-bucket-allocator-granularity=16"
    "memorysetup-bucket-allocator-bucket-count=8"
    "memorysetup-bucket-allocator-block-size=33554432"
    "memorysetup-bucket-allocator-block-count=8"
    "memorysetup-main-allocator-block-size=16777216"
    "memorysetup-thread-allocator-block-size=16777216"
    "memorysetup-gfx-main-allocator-block-size=16777216"
    "memorysetup-gfx-thread-allocator-block-size=16777216"
    "memorysetup-cache-allocator-block-size=4194304"
    "memorysetup-typetree-allocator-block-size=2097152"
    "memorysetup-profiler-bucket-allocator-granularity=16"
    "memorysetup-profiler-bucket-allocator-bucket-count=8"
    "memorysetup-profiler-bucket-allocator-block-size=33554432"
    "memorysetup-profiler-bucket-allocator-block-count=8"
    "memorysetup-profiler-allocator-block-size=16777216"
    "memorysetup-profiler-editor-allocator-block-size=1048576"
    "memorysetup-temp-allocator-size-main=16777216"
    "memorysetup-job-temp-allocator-block-size=2097152"
    "memorysetup-job-temp-allocator-block-size-background=1048576"
    "memorysetup-job-temp-allocator-reduction-small-platforms=262144"
    "memorysetup-allocator-temp-initial-block-size-main=262144"
    "memorysetup-allocator-temp-initial-block-size-worker=262144"
    "memorysetup-temp-allocator-size-background-worker=32768"
    "memorysetup-temp-allocator-size-job-worker=262144"
    "memorysetup-temp-allocator-size-preload-manager=33554432"
    "memorysetup-temp-allocator-size-nav-mesh-worker=65536"
    "memorysetup-temp-allocator-size-audio-worker=65536"
    "memorysetup-temp-allocator-size-cloud-worker=32768"
    "memorysetup-temp-allocator-size-gi-baking-worker=262144"
    "memorysetup-temp-allocator-size-gfx=262144"
Player connection [8536785216] Host "[IP] 192.168.0.100 [Port] 0 [Flags] 2 [Guid] 2831742120 [EditorId] 2831742120 [Version] 1048832 [Id] OSXEditor(0,MacBook-Pro-Maksym.local) [Debug] 1 [PackageName] OSXEditor [ProjectName] Editor" joined multi-casting on [225.0.0.222:54997]...

Player connection [8536785216] Host "[IP] 192.168.0.100 [Port] 0 [Flags] 2 [Guid] 2831742120 [EditorId] 2831742120 [Version] 1048832 [Id] OSXEditor(0,MacBook-Pro-Maksym.local) [Debug] 1 [PackageName] OSXEditor [ProjectName] Editor" joined alternative multi-casting on [225.0.0.222:34997]...

Refreshing native plugins compatible for Editor in 16.04 ms, found 2 plugins.
Preloading 0 native plugins for Editor in 0.00 ms.
Initialize engine version: 2022.3.4f1 (35713cd46cd7)
[Subsystems] Discovering subsystems at path /Applications/Unity/Hub/Editor/2022.3.4f1/Unity.app/Contents/Resources/UnitySubsystems
[Subsystems] Discovering subsystems at path /Users/Maksym/Work/romeVsBarbarians2/Assets
GfxDevice: creating device client; threaded=0; jobified=0
 preferred device: Apple M1 (high power)
Metal devices available: 1
0: Apple M1 (high power)
Forcing user selected device: Apple M1 (high power)
Initializing Metal device caps: Apple M1
Initialize mono
Mono path[0] = '/Applications/Unity/Hub/Editor/2022.3.4f1/Unity.app/Contents/Managed'
Mono path[1] = '/Applications/Unity/Hub/Editor/2022.3.4f1/Unity.app/Contents/MonoBleedingEdge/lib/mono/unityjit-macos'
Mono config path = '/Applications/Unity/Hub/Editor/2022.3.4f1/Unity.app/Contents/MonoBleedingEdge/etc'
Using monoOptions --debugger-agent=transport=dt_socket,embedding=1,server=y,suspend=n,address=127.0.0.1:56859
Begin MonoManager ReloadAssembly
Registering precompiled unity dll's ...
Register platform support module: /Applications/Unity/Hub/Editor/2022.3.4f1/Unity.app/Contents/PlaybackEngines/MacStandaloneSupport/UnityEditor.OSXStandalone.Extensions.dll
Register platform support module: /Applications/Unity/Hub/Editor/2022.3.4f1/PlaybackEngines/AndroidPlayer/UnityEditor.Android.Extensions.dll
Registered in 0.001105 seconds.
- Loaded All Assemblies, in  0.342 seconds
Native extension for Android target not found
Android Extension - Scanning For ADB Devices 74 ms
Native extension for OSXStandalone target not found
Mono: successfully reloaded assembly
- Finished resetting the current domain, in  0.281 seconds
Domain Reload Profiling: 623ms
	BeginReloadAssembly (144ms)
		ExecutionOrderSort (0ms)
		DisableScriptedObjects (0ms)
		BackupInstance (0ms)
		ReleaseScriptingObjects (0ms)
		CreateAndSetChildDomain (0ms)
	RebuildCommonClasses (27ms)
	RebuildNativeTypeToScriptingClass (9ms)
	initialDomainReloadingComplete (43ms)
	LoadAllAssembliesAndSetupDomain (120ms)
		LoadAssemblies (148ms)
		RebuildTransferFunctionScriptingTraits (0ms)
		AnalyzeDomain (113ms)
			TypeCache.Refresh (113ms)
				TypeCache.ScanAssembly (104ms)
			ScanForSourceGeneratedMonoScriptInfo (0ms)
			ResolveRequiredComponents (0ms)
	FinalizeReload (281ms)
		ReleaseScriptCaches (0ms)
		RebuildScriptCaches (0ms)
		SetupLoadedEditorAssemblies (238ms)
			LogAssemblyErrors (0ms)
			InitializePlatformSupportModulesInManaged (150ms)
			SetLoadedEditorAssemblies (3ms)
			RefreshPlugins (0ms)
			BeforeProcessingInitializeOnLoad (1ms)
			ProcessInitializeOnLoadAttributes (58ms)
			ProcessInitializeOnLoadMethodAttributes (26ms)
			AfterProcessingInitializeOnLoad (0ms)
			EditorAssembliesLoaded (0ms)
		ExecutionOrderSort2 (0ms)
		AwakeInstancesAfterBackupRestoration (0ms)
========================================================================
Worker process is ready to serve import requests
Begin MonoManager ReloadAssembly
Symbol file LoadedFromMemory doesn't match image /Users/Maksym/Work/romeVsBarbarians2/Library/PackageCache/com.unity.visualscripting@1.8.0/Editor/VisualScripting.Core/Dependencies/YamlDotNet/Unity.VisualScripting.YamlDotNet.dll
Symbol file LoadedFromMemory doesn't match image /Users/Maksym/Work/romeVsBarbarians2/Library/PackageCache/com.unity.visualscripting@1.8.0/Editor/VisualScripting.Core/Dependencies/DotNetZip/Unity.VisualScripting.IonicZip.dll
- Loaded All Assemblies, in  0.561 seconds
Refreshing native plugins compatible for Editor in 0.74 ms, found 2 plugins.
Native extension for Android target not found
Native extension for OSXStandalone target not found
Mono: successfully reloaded assembly
- Finished resetting the current domain, in  0.460 seconds
Domain Reload Profiling: 1021ms
	BeginReloadAssembly (81ms)
		ExecutionOrderSort (0ms)
		DisableScriptedObjects (4ms)
		BackupInstance (0ms)
		ReleaseScriptingObjects (0ms)
		CreateAndSetChildDomain (20ms)
	RebuildCommonClasses (28ms)
	RebuildNativeTypeToScriptingClass (9ms)
	initialDomainReloadingComplete (24ms)
	LoadAllAssembliesAndSetupDomain (420ms)
		LoadAssemblies (225ms)
		RebuildTransferFunctionScriptingTraits (0ms)
		AnalyzeDomain (226ms)
			TypeCache.Refresh (214ms)
				TypeCache.ScanAssembly (204ms)
			ScanForSourceGeneratedMonoScriptInfo (8ms)
			ResolveRequiredComponents (4ms)
	FinalizeReload (460ms)
		ReleaseScriptCaches (0ms)
		RebuildScriptCaches (0ms)
		SetupLoadedEditorAssemblies (334ms)
			LogAssemblyErrors (0ms)
			InitializePlatformSupportModulesInManaged (13ms)
			SetLoadedEditorAssemblies (4ms)
			RefreshPlugins (0ms)
			BeforeProcessingInitializeOnLoad (42ms)
			ProcessInitializeOnLoadAttributes (264ms)
			ProcessInitializeOnLoadMethodAttributes (11ms)
			AfterProcessingInitializeOnLoad (1ms)
			EditorAssembliesLoaded (0ms)
		ExecutionOrderSort2 (0ms)
		AwakeInstancesAfterBackupRestoration (2ms)
Launching external process: /Applications/Unity/Hub/Editor/2022.3.4f1/Unity.app/Contents/Tools/UnityShaderCompiler
Launched and connected shader compiler UnityShaderCompiler after 0.05 seconds
Refreshing native plugins compatible for Editor in 0.83 ms, found 2 plugins.
Preloading 0 native plugins for Editor in 0.00 ms.
Unloading 3356 Unused Serialized files (Serialized files now loaded: 0)
Unloading 61 unused Assets / (6.4 MB). Loaded Objects now: 3827.
Memory consumption went from 189.2 MB to 182.8 MB.
Total: 3.927041 ms (FindLiveObjects: 0.166625 ms CreateObjectMapping: 0.053542 ms MarkObjects: 2.579875 ms  DeleteObjects: 1.126458 ms)

AssetImportParameters requested are different than current active one (requested -> active):
  custom:container-demuxer-ogg: 62fdf1f143b41e24485cea50d1cbac27 -> 
  custom:video-decoder-ogg-theora: a1e56fd34408186e4bbccfd4996cb3dc -> 
  custom:CustomObjectIndexerAttribute: 756ad292c208cfabdd7b50bc23989ffe -> 
  custom:container-demuxer-webm: 4f35f7cbe854078d1ac9338744f61a02 -> 
  custom:container-muxer-webm: aa71ff27fc2769a1b78a27578f13a17b -> 
  custom:video-decoder-webm-vp8: 9c59270c3fd7afecdb556c50c9e8de78 -> 
  custom:AudioImporter_EditorPlatform: 3918e3fc78b5a79bad01e8451be0beb8 -> 
  custom:framework-osx-AVFoundation: e770b220cccbd017edd2c1fefb359320 -> 
  custom:video-encoder-webm-vp8: eb34c28f22e8b96e1ab97ce403110664 -> 
  custom:audio-decoder-ogg-vorbis: bf7c407c2cedff20999df2af8eb42d56 -> 
  custom:audio-encoder-webm-vorbis: bf7c407c2cedff20999df2af8eb42d56 -> 
========================================================================
Received Import Request.
  Time since last request: 722158.504784 seconds.
  path: Assets/!Default/Toony Colors Pro/Demo TCP2/Cat Demo Assets/Materials/UnityChan/TCP2_Demo_UnityChan style1 body.mat
  artifactKey: Guid(a97a2a1639d9ff341858f6d51e44ad7b) Importer(815301076,1909f56bfc062723c751e8b465ee728b)
Start importing Assets/!Default/Toony Colors Pro/Demo TCP2/Cat Demo Assets/Materials/UnityChan/TCP2_Demo_UnityChan style1 body.mat using Guid(a97a2a1639d9ff341858f6d51e44ad7b) Importer(815301076,1909f56bfc062723c751e8b465ee728b)  -> (artifact id: '91908b82ee41ff169c9ccb201a7ae24e') in 0.458005 seconds
Number of updated asset objects reloaded before import = 0
Number of asset objects unloaded after import = 3
========================================================================
Received Import Request.
  Time since last request: 0.000068 seconds.
  path: Assets/!Default/Toony Colors Pro/Demo TCP2/Cat Demo Assets/Materials/UnityChan/TCP2_Demo_UnityChan style5 flat body.mat
  artifactKey: Guid(6c4a95eb6e05d054f9290ea551b83740) Importer(815301076,1909f56bfc062723c751e8b465ee728b)
Start importing Assets/!Default/Toony Colors Pro/Demo TCP2/Cat Demo Assets/Materials/UnityChan/TCP2_Demo_UnityChan style5 flat body.mat using Guid(6c4a95eb6e05d054f9290ea551b83740) Importer(815301076,1909f56bfc062723c751e8b465ee728b)  -> (artifact id: '005b4e8f26a4aa30911f95c7f4939ac2') in 0.446238 seconds
Number of updated asset objects reloaded before import = 0
Number of asset objects unloaded after import = 4
========================================================================
Received Import Request.
  Time since last request: 0.000140 seconds.
  path: Assets/!Default/Toony Colors Pro/Demo TCP2/Cat Demo Assets/Materials/UnityChan/TCP2_Demo_UnityChan style3 flat.mat
  artifactKey: Guid(8f94a9d80ef0e014b9c0282eed5685ad) Importer(815301076,1909f56bfc062723c751e8b465ee728b)
Start importing Assets/!Default/Toony Colors Pro/Demo TCP2/Cat Demo Assets/Materials/UnityChan/TCP2_Demo_UnityChan style3 flat.mat using Guid(8f94a9d80ef0e014b9c0282eed5685ad) Importer(815301076,1909f56bfc062723c751e8b465ee728b)  -> (artifact id: 'd4086e6b9cf89b701a556e1fa6f3d116') in 0.297535 seconds
Number of updated asset objects reloaded before import = 0
Number of asset objects unloaded after import = 3
========================================================================
Received Import Request.
  Time since last request: 0.000280 seconds.
  path: Assets/!Default/Toony Colors Pro/Demo TCP2/Cat Demo Assets/Materials/UnityChan/TCP2_Demo_UnityChan style1 flat skin.mat
  artifactKey: Guid(86ed4c853d6488e4e998a0d8126fe6e9) Importer(815301076,1909f56bfc062723c751e8b465ee728b)
Start importing Assets/!Default/Toony Colors Pro/Demo TCP2/Cat Demo Assets/Materials/UnityChan/TCP2_Demo_UnityChan style1 flat skin.mat using Guid(86ed4c853d6488e4e998a0d8126fe6e9) Importer(815301076,1909f56bfc062723c751e8b465ee728b)  -> (artifact id: 'fe3b5cc27dd4088eac1a37ac2cadbace') in 0.244405 seconds
Number of updated asset objects reloaded before import = 0
Number of asset objects unloaded after import = 3
========================================================================
Received Import Request.
  Time since last request: 0.000201 seconds.
  path: Assets/!Default/Toony Colors Pro/Demo TCP2/Cat Demo Assets/Materials/UnityChan/TCP2_Demo_UnityChan style5 flat.mat
  artifactKey: Guid(d9b27d9a95b6c5d469cec7b724f83374) Importer(815301076,1909f56bfc062723c751e8b465ee728b)
Start importing Assets/!Default/Toony Colors Pro/Demo TCP2/Cat Demo Assets/Materials/UnityChan/TCP2_Demo_UnityChan style5 flat.mat using Guid(d9b27d9a95b6c5d469cec7b724f83374) Importer(815301076,1909f56bfc062723c751e8b465ee728b)  -> (artifact id: '547dd5c4f087a82872e45cd2bac5df63') in 0.006471 seconds
Number of updated asset objects reloaded before import = 0
Number of asset objects unloaded after import = 4
========================================================================
Received Import Request.
  Time since last request: 0.000267 seconds.
  path: Assets/!Default/Toony Colors Pro/Demo TCP2/Cat Demo Assets/Materials/UnityChan/TCP2_Demo_UnityChan style6 flat.mat
  artifactKey: Guid(2dd921f2995802247af917f9f60f0b0e) Importer(815301076,1909f56bfc062723c751e8b465ee728b)
Start importing Assets/!Default/Toony Colors Pro/Demo TCP2/Cat Demo Assets/Materials/UnityChan/TCP2_Demo_UnityChan style6 flat.mat using Guid(2dd921f2995802247af917f9f60f0b0e) Importer(815301076,1909f56bfc062723c751e8b465ee728b)  -> (artifact id: '468d3287f33a88057785227a78aa20da') in 0.342396 seconds
Number of updated asset objects reloaded before import = 0
Number of asset objects unloaded after import = 3
========================================================================
Received Import Request.
  Time since last request: 0.000604 seconds.
  path: Assets/!Default/Toony Colors Pro/Demo TCP2/Cat Demo Assets/Materials/UnityChan/TCP2_Demo_UnityChan style4 flat.mat
  artifactKey: Guid(1b73c23d58a8ac94aa102e783cefcba3) Importer(815301076,1909f56bfc062723c751e8b465ee728b)
Start importing Assets/!Default/Toony Colors Pro/Demo TCP2/Cat Demo Assets/Materials/UnityChan/TCP2_Demo_UnityChan style4 flat.mat using Guid(1b73c23d58a8ac94aa102e783cefcba3) Importer(815301076,1909f56bfc062723c751e8b465ee728b)  -> (artifact id: '8c2564ca66c2c00d70d78db5bc9e3b3c') in 0.307819 seconds
Number of updated asset objects reloaded before import = 0
Number of asset objects unloaded after import = 4
========================================================================
Received Import Request.
  Time since last request: 0.000083 seconds.
  path: Assets/!Default/Toony Colors Pro/Editor/Icons/TCP2_FoldoutArrowRightUnity.png
  artifactKey: Guid(d34cd3f47eed35e4d98cf2d889083404) Importer(815301076,1909f56bfc062723c751e8b465ee728b)
Start importing Assets/!Default/Toony Colors Pro/Editor/Icons/TCP2_FoldoutArrowRightUnity.png using Guid(d34cd3f47eed35e4d98cf2d889083404) Importer(815301076,1909f56bfc062723c751e8b465ee728b)  -> (artifact id: '81c0ad3744c3a84a99e80d5f05981d0a') in 0.030366 seconds
Number of updated asset objects reloaded before import = 0
Number of asset objects unloaded after import = 2
========================================================================
Received Import Request.
  Time since last request: 0.004760 seconds.
  path: Assets/!Default/Toony Colors Pro/Textures/Ramps/TCP2_Ramp_UnityGradient.png
  artifactKey: Guid(ccad9b0732473ee4e95de81e50e9050f) Importer(815301076,1909f56bfc062723c751e8b465ee728b)
Start importing Assets/!Default/Toony Colors Pro/Textures/Ramps/TCP2_Ramp_UnityGradient.png using Guid(ccad9b0732473ee4e95de81e50e9050f) Importer(815301076,1909f56bfc062723c751e8b465ee728b)  -> (artifact id: '4d0816c3957fcd3ca18fabb45ef0274d') in 0.006036 seconds
Number of updated asset objects reloaded before import = 0
Number of asset objects unloaded after import = 2
========================================================================
Received Import Request.
  Time since last request: 0.000301 seconds.
  path: Assets/!Default/Toony Colors Pro/Editor/Icons/TCP2_FoldoutArrowDownUnity.png
  artifactKey: Guid(4792531bb7648794d8c97d37cd5da57d) Importer(815301076,1909f56bfc062723c751e8b465ee728b)
Start importing Assets/!Default/Toony Colors Pro/Editor/Icons/TCP2_FoldoutArrowDownUnity.png using Guid(4792531bb7648794d8c97d37cd5da57d) Importer(815301076,1909f56bfc062723c751e8b465ee728b)  -> (artifact id: 'cf1911c2c9612d031a9d5fe9cb13df32') in 0.003633 seconds
Number of updated asset objects reloaded before import = 0
Number of asset objects unloaded after import = 2
========================================================================
Received Import Request.
  Time since last request: 0.000254 seconds.
  path: Assets/!Default/Toony Colors Pro/Textures/Ramps/TCP2_Ramp_Unity.png
  artifactKey: Guid(abc83c21d57d4a74cabe12065fa1a8b2) Importer(815301076,1909f56bfc062723c751e8b465ee728b)
Start importing Assets/!Default/Toony Colors Pro/Textures/Ramps/TCP2_Ramp_Unity.png using Guid(abc83c21d57d4a74cabe12065fa1a8b2) Importer(815301076,1909f56bfc062723c751e8b465ee728b)  -> (artifact id: '4121785f3d54a1ae8c3e32eff20ee014') in 0.003783 seconds
Number of updated asset objects reloaded before import = 0
Number of asset objects unloaded after import = 2
========================================================================
Received Import Request.
  Time since last request: 0.000220 seconds.
  path: Assets/!Default/Toony Colors Pro/Demo TCP2/Cat Demo Assets/Materials/UnityChan/TCP2_Demo_UnityChan style4 flat body.mat
  artifactKey: Guid(b3f15240ab3a6ef479dfe0146e2abd7f) Importer(815301076,1909f56bfc062723c751e8b465ee728b)
Start importing Assets/!Default/Toony Colors Pro/Demo TCP2/Cat Demo Assets/Materials/UnityChan/TCP2_Demo_UnityChan style4 flat body.mat using Guid(b3f15240ab3a6ef479dfe0146e2abd7f) Importer(815301076,1909f56bfc062723c751e8b465ee728b)  -> (artifact id: '7a39c8111f5e67c632341182526bed97') in 0.008372 seconds
Number of updated asset objects reloaded before import = 0
Number of asset objects unloaded after import = 4
========================================================================
Received Import Request.
  Time since last request: 0.008271 seconds.
  path: Assets/!Default/Toony Colors Pro/Demo TCP2/Cat Demo Assets/Materials/UnityChan/TCP2_Demo_UnityChan style2 flat.mat
  artifactKey: Guid(2fba9f1b1229b6b418c1b622e4f9dc64) Importer(815301076,1909f56bfc062723c751e8b465ee728b)
Start importing Assets/!Default/Toony Colors Pro/Demo TCP2/Cat Demo Assets/Materials/UnityChan/TCP2_Demo_UnityChan style2 flat.mat using Guid(2fba9f1b1229b6b418c1b622e4f9dc64) Importer(815301076,1909f56bfc062723c751e8b465ee728b)  -> (artifact id: '84211dfeebea5c0b22b53d519eee6cc3') in 0.007407 seconds
Number of updated asset objects reloaded before import = 0
Number of asset objects unloaded after import = 3
========================================================================
Received Import Request.
  Time since last request: 0.002416 seconds.
  path: Assets/!Default/Toony Colors Pro/Demo TCP2/Cat Demo Assets/Materials/UnityChan/TCP2_Demo_UnityChan style2 flat skin.mat
  artifactKey: Guid(2deaa891e08049740b53bd21cc2142c1) Importer(815301076,1909f56bfc062723c751e8b465ee728b)
Start importing Assets/!Default/Toony Colors Pro/Demo TCP2/Cat Demo Assets/Materials/UnityChan/TCP2_Demo_UnityChan style2 flat skin.mat using Guid(2deaa891e08049740b53bd21cc2142c1) Importer(815301076,1909f56bfc062723c751e8b465ee728b)  -> (artifact id: 'f6ee165c2dc4cfa6aafbc3bb9b8a215f') in 0.009833 seconds
Number of updated asset objects reloaded before import = 0
Number of asset objects unloaded after import = 3
========================================================================
Received Import Request.
  Time since last request: 0.000237 seconds.
  path: Assets/!Default/Toony Colors Pro/Demo TCP2/Cat Demo Assets/Materials/UnityChan/TCP2_Demo_UnityChan style2.mat
  artifactKey: Guid(3800da9f96a322a49bad64adf6d0623f) Importer(815301076,1909f56bfc062723c751e8b465ee728b)
Start importing Assets/!Default/Toony Colors Pro/Demo TCP2/Cat Demo Assets/Materials/UnityChan/TCP2_Demo_UnityChan style2.mat using Guid(3800da9f96a322a49bad64adf6d0623f) Importer(815301076,1909f56bfc062723c751e8b465ee728b)  -> (artifact id: '12598bbe25d720f286eced2a14636171') in 0.009077 seconds
Number of updated asset objects reloaded before import = 0
Number of asset objects unloaded after import = 3
========================================================================
Received Import Request.
  Time since last request: 0.000126 seconds.
  path: Assets/!Default/Toony Colors Pro/Demo TCP2/Cat Demo Assets/Materials/UnityChan/TCP2_Demo_UnityChan style6 body.mat
  artifactKey: Guid(6b121ffd8c3bb744bb16403c4ceb9eb7) Importer(815301076,1909f56bfc062723c751e8b465ee728b)
Start importing Assets/!Default/Toony Colors Pro/Demo TCP2/Cat Demo Assets/Materials/UnityChan/TCP2_Demo_UnityChan style6 body.mat using Guid(6b121ffd8c3bb744bb16403c4ceb9eb7) Importer(815301076,1909f56bfc062723c751e8b465ee728b)  -> (artifact id: '9909d5cd68b5317787998ede6b2bb6aa') in 0.010430 seconds
Number of updated asset objects reloaded before import = 0
Number of asset objects unloaded after import = 3
========================================================================
Received Import Request.
  Time since last request: 0.006267 seconds.
  path: Assets/!Default/Toony Colors Pro/Demo TCP2/Cat Demo Assets/Materials/UnityChan/TCP2_Demo_UnityChan style1 flat body.mat
  artifactKey: Guid(98ce2be4b908d3442ac465424eb688d6) Importer(815301076,1909f56bfc062723c751e8b465ee728b)
Start importing Assets/!Default/Toony Colors Pro/Demo TCP2/Cat Demo Assets/Materials/UnityChan/TCP2_Demo_UnityChan style1 flat body.mat using Guid(98ce2be4b908d3442ac465424eb688d6) Importer(815301076,1909f56bfc062723c751e8b465ee728b)  -> (artifact id: '14408b20b07009a1bfff309d2d7aa5df') in 0.007851 seconds
Number of updated asset objects reloaded before import = 0
Number of asset objects unloaded after import = 3
========================================================================
Received Import Request.
  Time since last request: 0.000189 seconds.
  path: Assets/!Default/Toony Colors Pro/Demo TCP2/Cat Demo Assets/Textures/TCP2_Demo_UnityChan_ShadowColor.png
  artifactKey: Guid(45ac4363e3b257c418e91f9f201bbf13) Importer(815301076,1909f56bfc062723c751e8b465ee728b)
Start importing Assets/!Default/Toony Colors Pro/Demo TCP2/Cat Demo Assets/Textures/TCP2_Demo_UnityChan_ShadowColor.png using Guid(45ac4363e3b257c418e91f9f201bbf13) Importer(815301076,1909f56bfc062723c751e8b465ee728b)  -> (artifact id: '4e064d62dd1f3acb07a959f9fd463f82') in 0.005446 seconds
Number of updated asset objects reloaded before import = 0
Number of asset objects unloaded after import = 2
========================================================================
Received Import Request.
  Time since last request: 0.000392 seconds.
  path: Assets/!Default/Toony Colors Pro/Demo TCP2/Cat Demo Assets/Materials/UnityChan/TCP2_Demo_UnityChan style3 body.mat
  artifactKey: Guid(3c65ec09b26d7c94db9198ef5a0667b5) Importer(815301076,1909f56bfc062723c751e8b465ee728b)
Start importing Assets/!Default/Toony Colors Pro/Demo TCP2/Cat Demo Assets/Materials/UnityChan/TCP2_Demo_UnityChan style3 body.mat using Guid(3c65ec09b26d7c94db9198ef5a0667b5) Importer(815301076,1909f56bfc062723c751e8b465ee728b)  -> (artifact id: 'a4dc66ecf608655dd6477a665af5995d') in 0.007425 seconds
Number of updated asset objects reloaded before import = 0
Number of asset objects unloaded after import = 3
Editor requested this worker to shutdown with reason: Scaling down because of idle timeout
TcpMessagingSession - receive error: operation aborted. errorcode: 89, details: Operation aborted.
AssetImportWorker is now disconnected from the server
Process exiting
