Unity Editor version:    2022.3.4f1 (35713cd46cd7)
Branch:                  2022.3/staging
Build type:              Release
Batch mode:              YES
macOS version:           Version 13.2.1 (Build 22D68)
Darwin version:          22.3.0
Architecture:            arm64
Running under Rosetta:   NO
Available memory:        8192 MB
Using pre-set license
Pro License: YES

COMMAND LINE ARGUMENTS:
/Applications/Unity/Hub/Editor/2022.3.4f1/Unity.app/Contents/MacOS/Unity
-adb2
-batchMode
-noUpm
-name
AssetImportWorker3
-projectPath
/Users/Maksym/Work/romeVsBarbarians2
-logFile
Logs/AssetImportWorker3.log
-srvPort
59589
Successfully changed project path to: /Users/Maksym/Work/romeVsBarbarians2
/Users/Maksym/Work/romeVsBarbarians2
[UnityMemory] Configuration Parameters - Can be set up in boot.config
    "memorysetup-bucket-allocator-granularity=16"
    "memorysetup-bucket-allocator-bucket-count=8"
    "memorysetup-bucket-allocator-block-size=33554432"
    "memorysetup-bucket-allocator-block-count=8"
    "memorysetup-main-allocator-block-size=16777216"
    "memorysetup-thread-allocator-block-size=16777216"
    "memorysetup-gfx-main-allocator-block-size=16777216"
    "memorysetup-gfx-thread-allocator-block-size=16777216"
    "memorysetup-cache-allocator-block-size=4194304"
    "memorysetup-typetree-allocator-block-size=2097152"
    "memorysetup-profiler-bucket-allocator-granularity=16"
    "memorysetup-profiler-bucket-allocator-bucket-count=8"
    "memorysetup-profiler-bucket-allocator-block-size=33554432"
    "memorysetup-profiler-bucket-allocator-block-count=8"
    "memorysetup-profiler-allocator-block-size=16777216"
    "memorysetup-profiler-editor-allocator-block-size=1048576"
    "memorysetup-temp-allocator-size-main=16777216"
    "memorysetup-job-temp-allocator-block-size=2097152"
    "memorysetup-job-temp-allocator-block-size-background=1048576"
    "memorysetup-job-temp-allocator-reduction-small-platforms=262144"
    "memorysetup-allocator-temp-initial-block-size-main=262144"
    "memorysetup-allocator-temp-initial-block-size-worker=262144"
    "memorysetup-temp-allocator-size-background-worker=32768"
    "memorysetup-temp-allocator-size-job-worker=262144"
    "memorysetup-temp-allocator-size-preload-manager=33554432"
    "memorysetup-temp-allocator-size-nav-mesh-worker=65536"
    "memorysetup-temp-allocator-size-audio-worker=65536"
    "memorysetup-temp-allocator-size-cloud-worker=32768"
    "memorysetup-temp-allocator-size-gi-baking-worker=262144"
    "memorysetup-temp-allocator-size-gfx=262144"
Player connection [8536785216] Host "[IP] 192.168.0.100 [Port] 0 [Flags] 2 [Guid] 2936179856 [EditorId] 2936179856 [Version] 1048832 [Id] OSXEditor(0,MacBook-Pro-Maksym.local) [Debug] 1 [PackageName] OSXEditor [ProjectName] Editor" joined multi-casting on [225.0.0.222:54997]...

Player connection [8536785216] Host "[IP] 192.168.0.100 [Port] 0 [Flags] 2 [Guid] 2936179856 [EditorId] 2936179856 [Version] 1048832 [Id] OSXEditor(0,MacBook-Pro-Maksym.local) [Debug] 1 [PackageName] OSXEditor [ProjectName] Editor" joined alternative multi-casting on [225.0.0.222:34997]...

Refreshing native plugins compatible for Editor in 12.11 ms, found 2 plugins.
Preloading 0 native plugins for Editor in 0.00 ms.
Initialize engine version: 2022.3.4f1 (35713cd46cd7)
[Subsystems] Discovering subsystems at path /Applications/Unity/Hub/Editor/2022.3.4f1/Unity.app/Contents/Resources/UnitySubsystems
[Subsystems] Discovering subsystems at path /Users/Maksym/Work/romeVsBarbarians2/Assets
GfxDevice: creating device client; threaded=0; jobified=0
 preferred device: Apple M1 (high power)
Metal devices available: 1
0: Apple M1 (high power)
Forcing user selected device: Apple M1 (high power)
Initializing Metal device caps: Apple M1
Initialize mono
Mono path[0] = '/Applications/Unity/Hub/Editor/2022.3.4f1/Unity.app/Contents/Managed'
Mono path[1] = '/Applications/Unity/Hub/Editor/2022.3.4f1/Unity.app/Contents/MonoBleedingEdge/lib/mono/unityjit-macos'
Mono config path = '/Applications/Unity/Hub/Editor/2022.3.4f1/Unity.app/Contents/MonoBleedingEdge/etc'
Using monoOptions --debugger-agent=transport=dt_socket,embedding=1,server=y,suspend=n,address=127.0.0.1:56537
Begin MonoManager ReloadAssembly
Registering precompiled unity dll's ...
Register platform support module: /Applications/Unity/Hub/Editor/2022.3.4f1/Unity.app/Contents/PlaybackEngines/MacStandaloneSupport/UnityEditor.OSXStandalone.Extensions.dll
Register platform support module: /Applications/Unity/Hub/Editor/2022.3.4f1/PlaybackEngines/AndroidPlayer/UnityEditor.Android.Extensions.dll
Registered in 0.039189 seconds.
- Loaded All Assemblies, in  1.278 seconds
Native extension for Android target not found
Android Extension - Scanning For ADB Devices 508 ms
Native extension for OSXStandalone target not found
Mono: successfully reloaded assembly
- Finished resetting the current domain, in  0.777 seconds
Domain Reload Profiling: 2055ms
	BeginReloadAssembly (824ms)
		ExecutionOrderSort (0ms)
		DisableScriptedObjects (0ms)
		BackupInstance (0ms)
		ReleaseScriptingObjects (0ms)
		CreateAndSetChildDomain (1ms)
	RebuildCommonClasses (67ms)
	RebuildNativeTypeToScriptingClass (9ms)
	initialDomainReloadingComplete (175ms)
	LoadAllAssembliesAndSetupDomain (202ms)
		LoadAssemblies (834ms)
		RebuildTransferFunctionScriptingTraits (0ms)
		AnalyzeDomain (154ms)
			TypeCache.Refresh (153ms)
				TypeCache.ScanAssembly (134ms)
			ScanForSourceGeneratedMonoScriptInfo (1ms)
			ResolveRequiredComponents (1ms)
	FinalizeReload (778ms)
		ReleaseScriptCaches (0ms)
		RebuildScriptCaches (0ms)
		SetupLoadedEditorAssemblies (720ms)
			LogAssemblyErrors (0ms)
			InitializePlatformSupportModulesInManaged (626ms)
			SetLoadedEditorAssemblies (3ms)
			RefreshPlugins (0ms)
			BeforeProcessingInitializeOnLoad (1ms)
			ProcessInitializeOnLoadAttributes (61ms)
			ProcessInitializeOnLoadMethodAttributes (28ms)
			AfterProcessingInitializeOnLoad (0ms)
			EditorAssembliesLoaded (0ms)
		ExecutionOrderSort2 (0ms)
		AwakeInstancesAfterBackupRestoration (0ms)
========================================================================
Worker process is ready to serve import requests
Begin MonoManager ReloadAssembly
Symbol file LoadedFromMemory doesn't match image /Users/Maksym/Work/romeVsBarbarians2/Library/PackageCache/com.unity.visualscripting@1.8.0/Editor/VisualScripting.Core/Dependencies/YamlDotNet/Unity.VisualScripting.YamlDotNet.dll
Symbol file LoadedFromMemory doesn't match image /Users/Maksym/Work/romeVsBarbarians2/Library/PackageCache/com.unity.visualscripting@1.8.0/Editor/VisualScripting.Core/Dependencies/DotNetZip/Unity.VisualScripting.IonicZip.dll
- Loaded All Assemblies, in  0.630 seconds
Refreshing native plugins compatible for Editor in 15.78 ms, found 2 plugins.
Native extension for Android target not found
Native extension for OSXStandalone target not found
Mono: successfully reloaded assembly
- Finished resetting the current domain, in  0.482 seconds
Domain Reload Profiling: 1113ms
	BeginReloadAssembly (118ms)
		ExecutionOrderSort (0ms)
		DisableScriptedObjects (3ms)
		BackupInstance (0ms)
		ReleaseScriptingObjects (0ms)
		CreateAndSetChildDomain (23ms)
	RebuildCommonClasses (32ms)
	RebuildNativeTypeToScriptingClass (9ms)
	initialDomainReloadingComplete (26ms)
	LoadAllAssembliesAndSetupDomain (447ms)
		LoadAssemblies (249ms)
		RebuildTransferFunctionScriptingTraits (0ms)
		AnalyzeDomain (259ms)
			TypeCache.Refresh (247ms)
				TypeCache.ScanAssembly (220ms)
			ScanForSourceGeneratedMonoScriptInfo (8ms)
			ResolveRequiredComponents (4ms)
	FinalizeReload (482ms)
		ReleaseScriptCaches (0ms)
		RebuildScriptCaches (0ms)
		SetupLoadedEditorAssemblies (347ms)
			LogAssemblyErrors (0ms)
			InitializePlatformSupportModulesInManaged (14ms)
			SetLoadedEditorAssemblies (5ms)
			RefreshPlugins (0ms)
			BeforeProcessingInitializeOnLoad (42ms)
			ProcessInitializeOnLoadAttributes (269ms)
			ProcessInitializeOnLoadMethodAttributes (16ms)
			AfterProcessingInitializeOnLoad (1ms)
			EditorAssembliesLoaded (0ms)
		ExecutionOrderSort2 (0ms)
		AwakeInstancesAfterBackupRestoration (5ms)
Launching external process: /Applications/Unity/Hub/Editor/2022.3.4f1/Unity.app/Contents/Tools/UnityShaderCompiler
Launched and connected shader compiler UnityShaderCompiler after 0.09 seconds
Refreshing native plugins compatible for Editor in 1.24 ms, found 2 plugins.
Preloading 0 native plugins for Editor in 0.00 ms.
Unloading 3356 Unused Serialized files (Serialized files now loaded: 0)
Unloading 61 unused Assets / (6.4 MB). Loaded Objects now: 3827.
Memory consumption went from 189.1 MB to 182.7 MB.
Total: 4.181291 ms (FindLiveObjects: 0.159166 ms CreateObjectMapping: 0.047750 ms MarkObjects: 2.708000 ms  DeleteObjects: 1.265666 ms)

AssetImportParameters requested are different than current active one (requested -> active):
  custom:container-demuxer-ogg: 62fdf1f143b41e24485cea50d1cbac27 -> 
  custom:video-decoder-ogg-theora: a1e56fd34408186e4bbccfd4996cb3dc -> 
  custom:CustomObjectIndexerAttribute: 756ad292c208cfabdd7b50bc23989ffe -> 
  custom:container-demuxer-webm: 4f35f7cbe854078d1ac9338744f61a02 -> 
  custom:container-muxer-webm: aa71ff27fc2769a1b78a27578f13a17b -> 
  custom:video-decoder-webm-vp8: 9c59270c3fd7afecdb556c50c9e8de78 -> 
  custom:AudioImporter_EditorPlatform: 3918e3fc78b5a79bad01e8451be0beb8 -> 
  custom:framework-osx-AVFoundation: e770b220cccbd017edd2c1fefb359320 -> 
  custom:video-encoder-webm-vp8: eb34c28f22e8b96e1ab97ce403110664 -> 
  custom:audio-decoder-ogg-vorbis: bf7c407c2cedff20999df2af8eb42d56 -> 
  custom:audio-encoder-webm-vorbis: bf7c407c2cedff20999df2af8eb42d56 -> 
========================================================================
Received Import Request.
  Time since last request: 721773.260109 seconds.
  path: Assets/RomeVsBarbarians2/Prefabs/Unit_point.prefab
  artifactKey: Guid(7cdb9bddbfb42406eac29dca0adfce18) Importer(815301076,1909f56bfc062723c751e8b465ee728b)
Start importing Assets/RomeVsBarbarians2/Prefabs/Unit_point.prefab using Guid(7cdb9bddbfb42406eac29dca0adfce18) Importer(815301076,1909f56bfc062723c751e8b465ee728b)  -> (artifact id: '13f4b07fce463ae6d3e68c7018931453') in 0.142594 seconds
Number of updated asset objects reloaded before import = 0
Number of asset objects unloaded after import = 346
========================================================================
Received Prepare
Begin MonoManager ReloadAssembly
Thread 0x16f597000 may have been prematurely finalized
Symbol file LoadedFromMemory doesn't match image /Users/Maksym/Work/romeVsBarbarians2/Library/PackageCache/com.unity.visualscripting@1.8.0/Editor/VisualScripting.Core/Dependencies/YamlDotNet/Unity.VisualScripting.YamlDotNet.dll
Symbol file LoadedFromMemory doesn't match image /Users/Maksym/Work/romeVsBarbarians2/Library/PackageCache/com.unity.visualscripting@1.8.0/Editor/VisualScripting.Core/Dependencies/DotNetZip/Unity.VisualScripting.IonicZip.dll
- Loaded All Assemblies, in  0.566 seconds
Refreshing native plugins compatible for Editor in 0.77 ms, found 2 plugins.
Native extension for Android target not found
Native extension for OSXStandalone target not found
Mono: successfully reloaded assembly
- Finished resetting the current domain, in  0.784 seconds
Domain Reload Profiling: 1350ms
	BeginReloadAssembly (120ms)
		ExecutionOrderSort (0ms)
		DisableScriptedObjects (3ms)
		BackupInstance (0ms)
		ReleaseScriptingObjects (0ms)
		CreateAndSetChildDomain (52ms)
	RebuildCommonClasses (29ms)
	RebuildNativeTypeToScriptingClass (9ms)
	initialDomainReloadingComplete (15ms)
	LoadAllAssembliesAndSetupDomain (392ms)
		LoadAssemblies (183ms)
		RebuildTransferFunctionScriptingTraits (0ms)
		AnalyzeDomain (241ms)
			TypeCache.Refresh (237ms)
				TypeCache.ScanAssembly (219ms)
			ScanForSourceGeneratedMonoScriptInfo (0ms)
			ResolveRequiredComponents (4ms)
	FinalizeReload (784ms)
		ReleaseScriptCaches (0ms)
		RebuildScriptCaches (0ms)
		SetupLoadedEditorAssemblies (322ms)
			LogAssemblyErrors (0ms)
			InitializePlatformSupportModulesInManaged (15ms)
			SetLoadedEditorAssemblies (3ms)
			RefreshPlugins (0ms)
			BeforeProcessingInitializeOnLoad (42ms)
			ProcessInitializeOnLoadAttributes (248ms)
			ProcessInitializeOnLoadMethodAttributes (12ms)
			AfterProcessingInitializeOnLoad (1ms)
			EditorAssembliesLoaded (0ms)
		ExecutionOrderSort2 (0ms)
		AwakeInstancesAfterBackupRestoration (3ms)
Refreshing native plugins compatible for Editor in 0.88 ms, found 2 plugins.
Preloading 0 native plugins for Editor in 0.00 ms.
Unloading 3287 Unused Serialized files (Serialized files now loaded: 0)
Unloading 40 unused Assets / (6.4 MB). Loaded Objects now: 3849.
Memory consumption went from 180.8 MB to 174.5 MB.
Total: 4.745417 ms (FindLiveObjects: 0.149292 ms CreateObjectMapping: 0.043958 ms MarkObjects: 3.425417 ms  DeleteObjects: 1.125834 ms)

Prepare: number of updated asset objects reloaded= 0
AssetImportParameters requested are different than current active one (requested -> active):
  custom:container-demuxer-ogg: 62fdf1f143b41e24485cea50d1cbac27 -> 
  custom:video-decoder-ogg-theora: a1e56fd34408186e4bbccfd4996cb3dc -> 
  custom:CustomObjectIndexerAttribute: 756ad292c208cfabdd7b50bc23989ffe -> 
  custom:container-demuxer-webm: 4f35f7cbe854078d1ac9338744f61a02 -> 
  custom:container-muxer-webm: aa71ff27fc2769a1b78a27578f13a17b -> 
  custom:video-decoder-webm-vp8: 9c59270c3fd7afecdb556c50c9e8de78 -> 
  custom:AudioImporter_EditorPlatform: 3918e3fc78b5a79bad01e8451be0beb8 -> 
  custom:framework-osx-AVFoundation: e770b220cccbd017edd2c1fefb359320 -> 
  custom:video-encoder-webm-vp8: eb34c28f22e8b96e1ab97ce403110664 -> 
  custom:audio-decoder-ogg-vorbis: bf7c407c2cedff20999df2af8eb42d56 -> 
  custom:audio-encoder-webm-vorbis: bf7c407c2cedff20999df2af8eb42d56 -> 
========================================================================
Received Prepare
Begin MonoManager ReloadAssembly
Thread 0x28f88b000 may have been prematurely finalized
Symbol file LoadedFromMemory doesn't match image /Users/Maksym/Work/romeVsBarbarians2/Library/PackageCache/com.unity.visualscripting@1.8.0/Editor/VisualScripting.Core/Dependencies/YamlDotNet/Unity.VisualScripting.YamlDotNet.dll
Symbol file LoadedFromMemory doesn't match image /Users/Maksym/Work/romeVsBarbarians2/Library/PackageCache/com.unity.visualscripting@1.8.0/Editor/VisualScripting.Core/Dependencies/DotNetZip/Unity.VisualScripting.IonicZip.dll
- Loaded All Assemblies, in  0.532 seconds
Refreshing native plugins compatible for Editor in 0.75 ms, found 2 plugins.
Native extension for Android target not found
Native extension for OSXStandalone target not found
Mono: successfully reloaded assembly
- Finished resetting the current domain, in  0.749 seconds
Domain Reload Profiling: 1281ms
	BeginReloadAssembly (115ms)
		ExecutionOrderSort (0ms)
		DisableScriptedObjects (4ms)
		BackupInstance (0ms)
		ReleaseScriptingObjects (0ms)
		CreateAndSetChildDomain (50ms)
	RebuildCommonClasses (29ms)
	RebuildNativeTypeToScriptingClass (9ms)
	initialDomainReloadingComplete (16ms)
	LoadAllAssembliesAndSetupDomain (363ms)
		LoadAssemblies (162ms)
		RebuildTransferFunctionScriptingTraits (0ms)
		AnalyzeDomain (235ms)
			TypeCache.Refresh (231ms)
				TypeCache.ScanAssembly (219ms)
			ScanForSourceGeneratedMonoScriptInfo (0ms)
			ResolveRequiredComponents (4ms)
	FinalizeReload (749ms)
		ReleaseScriptCaches (0ms)
		RebuildScriptCaches (0ms)
		SetupLoadedEditorAssemblies (309ms)
			LogAssemblyErrors (0ms)
			InitializePlatformSupportModulesInManaged (13ms)
			SetLoadedEditorAssemblies (3ms)
			RefreshPlugins (0ms)
			BeforeProcessingInitializeOnLoad (40ms)
			ProcessInitializeOnLoadAttributes (239ms)
			ProcessInitializeOnLoadMethodAttributes (12ms)
			AfterProcessingInitializeOnLoad (1ms)
			EditorAssembliesLoaded (0ms)
		ExecutionOrderSort2 (0ms)
		AwakeInstancesAfterBackupRestoration (5ms)
Refreshing native plugins compatible for Editor in 0.79 ms, found 2 plugins.
Preloading 0 native plugins for Editor in 0.00 ms.
Unloading 3288 Unused Serialized files (Serialized files now loaded: 0)
Unloading 40 unused Assets / (6.4 MB). Loaded Objects now: 3864.
Memory consumption went from 189.4 MB to 183.0 MB.
Total: 4.956875 ms (FindLiveObjects: 0.165250 ms CreateObjectMapping: 0.048500 ms MarkObjects: 3.461625 ms  DeleteObjects: 1.281375 ms)

Prepare: number of updated asset objects reloaded= 0
AssetImportParameters requested are different than current active one (requested -> active):
  custom:container-demuxer-ogg: 62fdf1f143b41e24485cea50d1cbac27 -> 
  custom:video-decoder-ogg-theora: a1e56fd34408186e4bbccfd4996cb3dc -> 
  custom:CustomObjectIndexerAttribute: 756ad292c208cfabdd7b50bc23989ffe -> 
  custom:container-demuxer-webm: 4f35f7cbe854078d1ac9338744f61a02 -> 
  custom:container-muxer-webm: aa71ff27fc2769a1b78a27578f13a17b -> 
  custom:video-decoder-webm-vp8: 9c59270c3fd7afecdb556c50c9e8de78 -> 
  custom:AudioImporter_EditorPlatform: 3918e3fc78b5a79bad01e8451be0beb8 -> 
  custom:framework-osx-AVFoundation: e770b220cccbd017edd2c1fefb359320 -> 
  custom:video-encoder-webm-vp8: eb34c28f22e8b96e1ab97ce403110664 -> 
  custom:audio-decoder-ogg-vorbis: bf7c407c2cedff20999df2af8eb42d56 -> 
  custom:audio-encoder-webm-vorbis: bf7c407c2cedff20999df2af8eb42d56 -> 
========================================================================
Received Import Request.
  Time since last request: 380.572953 seconds.
  path: Assets/simple modular human/source_files/Custom simple human.fbx
  artifactKey: Guid(d83e07c47cb17454bbddbc5dd7574150) Importer(815301076,1909f56bfc062723c751e8b465ee728b)
Start importing Assets/simple modular human/source_files/Custom simple human.fbx using Guid(d83e07c47cb17454bbddbc5dd7574150) Importer(815301076,1909f56bfc062723c751e8b465ee728b)  -> (artifact id: '8abd287a0e92687776fe39c775ccc1dd') in 1.124072 seconds
Number of updated asset objects reloaded before import = 0
Number of asset objects unloaded after import = 427
========================================================================
Received Import Request.
  Time since last request: 3.374550 seconds.
  path: Assets/!Default/Toony Colors Pro/Demo TCP2/Cat Demo Assets/Materials/UnityChan/TCP2_Demo_UnityChan style1.mat
  artifactKey: Guid(b3a4311485e827346b370081432ddfe0) Importer(815301076,1909f56bfc062723c751e8b465ee728b)
Start importing Assets/!Default/Toony Colors Pro/Demo TCP2/Cat Demo Assets/Materials/UnityChan/TCP2_Demo_UnityChan style1.mat using Guid(b3a4311485e827346b370081432ddfe0) Importer(815301076,1909f56bfc062723c751e8b465ee728b)  -> (artifact id: '184c45afdb57bbd483a2aa2a393cc3c4') in 0.378809 seconds
Number of updated asset objects reloaded before import = 0
Number of asset objects unloaded after import = 3
========================================================================
Received Import Request.
  Time since last request: 0.000131 seconds.
  path: Assets/!Default/Toony Colors Pro/Demo TCP2/Cat Demo Assets/Materials/UnityChan/TCP2_Demo_UnityChan style3 flat body.mat
  artifactKey: Guid(37ec048f46d9e9946a319fba39ca8df3) Importer(815301076,1909f56bfc062723c751e8b465ee728b)
Start importing Assets/!Default/Toony Colors Pro/Demo TCP2/Cat Demo Assets/Materials/UnityChan/TCP2_Demo_UnityChan style3 flat body.mat using Guid(37ec048f46d9e9946a319fba39ca8df3) Importer(815301076,1909f56bfc062723c751e8b465ee728b)  -> (artifact id: '019795de1eb4b58970897533aa331adc') in 0.374940 seconds
Number of updated asset objects reloaded before import = 0
Number of asset objects unloaded after import = 3
========================================================================
Received Import Request.
  Time since last request: 0.000115 seconds.
  path: Assets/!Default/Toony Colors Pro/Demo TCP2/Cat Demo Assets/Materials/UnityChan/TCP2_Demo_UnityChan style5 skin.mat
  artifactKey: Guid(f9e600ffe4ad8754294ce986e552ade7) Importer(815301076,1909f56bfc062723c751e8b465ee728b)
Start importing Assets/!Default/Toony Colors Pro/Demo TCP2/Cat Demo Assets/Materials/UnityChan/TCP2_Demo_UnityChan style5 skin.mat using Guid(f9e600ffe4ad8754294ce986e552ade7) Importer(815301076,1909f56bfc062723c751e8b465ee728b)  -> (artifact id: '3340d33c788eda53a950645f73ab8ba4') in 0.414702 seconds
Number of updated asset objects reloaded before import = 0
Number of asset objects unloaded after import = 4
========================================================================
Received Import Request.
  Time since last request: 0.000144 seconds.
  path: Assets/!Default/Toony Colors Pro/Demo TCP2/Cat Demo Assets/Materials/UnityChan/TCP2_Demo_UnityChan style2 body.mat
  artifactKey: Guid(dcd5ae17c9e835649aebf91a9a5d9d5b) Importer(815301076,1909f56bfc062723c751e8b465ee728b)
Start importing Assets/!Default/Toony Colors Pro/Demo TCP2/Cat Demo Assets/Materials/UnityChan/TCP2_Demo_UnityChan style2 body.mat using Guid(dcd5ae17c9e835649aebf91a9a5d9d5b) Importer(815301076,1909f56bfc062723c751e8b465ee728b)  -> (artifact id: '79b0ffd2937ea3dec72d6ee4caa3c49c') in 0.009882 seconds
Number of updated asset objects reloaded before import = 0
Number of asset objects unloaded after import = 3
========================================================================
Received Import Request.
  Time since last request: 0.000156 seconds.
  path: Assets/!Default/Toony Colors Pro/Demo TCP2/Cat Demo Assets/Materials/UnityChan/TCP2_Demo_UnityChan style4 skin.mat
  artifactKey: Guid(ef05e57b127ed9445b4e75c269228037) Importer(815301076,1909f56bfc062723c751e8b465ee728b)
Start importing Assets/!Default/Toony Colors Pro/Demo TCP2/Cat Demo Assets/Materials/UnityChan/TCP2_Demo_UnityChan style4 skin.mat using Guid(ef05e57b127ed9445b4e75c269228037) Importer(815301076,1909f56bfc062723c751e8b465ee728b)  -> (artifact id: 'e1f007ddcc619c3e504ac0e58cece78b') in 0.217949 seconds
Number of updated asset objects reloaded before import = 0
Number of asset objects unloaded after import = 4
========================================================================
Received Import Request.
  Time since last request: 0.000087 seconds.
  path: Assets/!Default/Toony Colors Pro/Demo TCP2/Cat Demo Assets/Materials/UnityChan/TCP2_Demo_UnityChan style6.mat
  artifactKey: Guid(9028259dff5570e4982ff329d257cfc6) Importer(815301076,1909f56bfc062723c751e8b465ee728b)
Start importing Assets/!Default/Toony Colors Pro/Demo TCP2/Cat Demo Assets/Materials/UnityChan/TCP2_Demo_UnityChan style6.mat using Guid(9028259dff5570e4982ff329d257cfc6) Importer(815301076,1909f56bfc062723c751e8b465ee728b)  -> (artifact id: '3653085b6c202f15aebb2d2cc10e9e9a') in 0.360617 seconds
Number of updated asset objects reloaded before import = 0
Number of asset objects unloaded after import = 3
========================================================================
Received Import Request.
  Time since last request: 0.000170 seconds.
  path: Assets/!Default/Toony Colors Pro/Demo TCP2/Cat Demo Assets/Materials/UnityChan/TCP2_Demo_UnityChan style3 skin.mat
  artifactKey: Guid(e4fa7e4fa6a73f447a48621c1b942718) Importer(815301076,1909f56bfc062723c751e8b465ee728b)
Start importing Assets/!Default/Toony Colors Pro/Demo TCP2/Cat Demo Assets/Materials/UnityChan/TCP2_Demo_UnityChan style3 skin.mat using Guid(e4fa7e4fa6a73f447a48621c1b942718) Importer(815301076,1909f56bfc062723c751e8b465ee728b)  -> (artifact id: 'e7664f80b643ef53f93b43013ba549ab') in 0.309335 seconds
Number of updated asset objects reloaded before import = 0
Number of asset objects unloaded after import = 3
========================================================================
Received Import Request.
  Time since last request: 0.001152 seconds.
  path: Assets/!Default/Toony Colors Pro/Demo TCP2/Cat Demo Assets/Materials/UnityChan/TCP2_Demo_UnityChan style6 flat skin.mat
  artifactKey: Guid(49c063dd7d0726d489ae9a42bc06e44e) Importer(815301076,1909f56bfc062723c751e8b465ee728b)
Start importing Assets/!Default/Toony Colors Pro/Demo TCP2/Cat Demo Assets/Materials/UnityChan/TCP2_Demo_UnityChan style6 flat skin.mat using Guid(49c063dd7d0726d489ae9a42bc06e44e) Importer(815301076,1909f56bfc062723c751e8b465ee728b)  -> (artifact id: '7803c75d8c720e10f7a3e0feff664ffd') in 0.324701 seconds
Number of updated asset objects reloaded before import = 0
Number of asset objects unloaded after import = 3
========================================================================
Received Import Request.
  Time since last request: 69.699609 seconds.
  path: Assets/RomeVsBarbarians2/Prefabs/Unit_point.prefab
  artifactKey: Guid(7cdb9bddbfb42406eac29dca0adfce18) Importer(815301076,1909f56bfc062723c751e8b465ee728b)
Start importing Assets/RomeVsBarbarians2/Prefabs/Unit_point.prefab using Guid(7cdb9bddbfb42406eac29dca0adfce18) Importer(815301076,1909f56bfc062723c751e8b465ee728b)  -> (artifact id: '12b02226fd32b2cb081a07ab72a17179') in 0.032040 seconds
Number of updated asset objects reloaded before import = 0
Number of asset objects unloaded after import = 154
========================================================================
Received Prepare
Begin MonoManager ReloadAssembly
Thread 0x28f787000 may have been prematurely finalized
Symbol file LoadedFromMemory doesn't match image /Users/Maksym/Work/romeVsBarbarians2/Library/PackageCache/com.unity.visualscripting@1.8.0/Editor/VisualScripting.Core/Dependencies/YamlDotNet/Unity.VisualScripting.YamlDotNet.dll
Symbol file LoadedFromMemory doesn't match image /Users/Maksym/Work/romeVsBarbarians2/Library/PackageCache/com.unity.visualscripting@1.8.0/Editor/VisualScripting.Core/Dependencies/DotNetZip/Unity.VisualScripting.IonicZip.dll
- Loaded All Assemblies, in  0.558 seconds
Refreshing native plugins compatible for Editor in 0.80 ms, found 2 plugins.
Native extension for Android target not found
Native extension for OSXStandalone target not found
Mono: successfully reloaded assembly
- Finished resetting the current domain, in  0.769 seconds
Domain Reload Profiling: 1327ms
	BeginReloadAssembly (124ms)
		ExecutionOrderSort (0ms)
		DisableScriptedObjects (3ms)
		BackupInstance (0ms)
		ReleaseScriptingObjects (0ms)
		CreateAndSetChildDomain (61ms)
	RebuildCommonClasses (28ms)
	RebuildNativeTypeToScriptingClass (9ms)
	initialDomainReloadingComplete (16ms)
	LoadAllAssembliesAndSetupDomain (380ms)
		LoadAssemblies (171ms)
		RebuildTransferFunctionScriptingTraits (0ms)
		AnalyzeDomain (243ms)
			TypeCache.Refresh (239ms)
				TypeCache.ScanAssembly (225ms)
			ScanForSourceGeneratedMonoScriptInfo (0ms)
			ResolveRequiredComponents (4ms)
	FinalizeReload (769ms)
		ReleaseScriptCaches (0ms)
		RebuildScriptCaches (0ms)
		SetupLoadedEditorAssemblies (328ms)
			LogAssemblyErrors (0ms)
			InitializePlatformSupportModulesInManaged (13ms)
			SetLoadedEditorAssemblies (3ms)
			RefreshPlugins (0ms)
			BeforeProcessingInitializeOnLoad (42ms)
			ProcessInitializeOnLoadAttributes (256ms)
			ProcessInitializeOnLoadMethodAttributes (12ms)
			AfterProcessingInitializeOnLoad (1ms)
			EditorAssembliesLoaded (0ms)
		ExecutionOrderSort2 (0ms)
		AwakeInstancesAfterBackupRestoration (2ms)
Refreshing native plugins compatible for Editor in 0.85 ms, found 2 plugins.
Preloading 0 native plugins for Editor in 0.00 ms.
Unloading 3287 Unused Serialized files (Serialized files now loaded: 0)
Unloading 40 unused Assets / (6.4 MB). Loaded Objects now: 3916.
Memory consumption went from 200.3 MB to 193.9 MB.
Total: 4.969708 ms (FindLiveObjects: 0.182750 ms CreateObjectMapping: 0.048625 ms MarkObjects: 3.128459 ms  DeleteObjects: 1.609250 ms)

Prepare: number of updated asset objects reloaded= 0
AssetImportParameters requested are different than current active one (requested -> active):
  custom:container-demuxer-ogg: 62fdf1f143b41e24485cea50d1cbac27 -> 
  custom:video-decoder-ogg-theora: a1e56fd34408186e4bbccfd4996cb3dc -> 
  custom:CustomObjectIndexerAttribute: 756ad292c208cfabdd7b50bc23989ffe -> 
  custom:container-demuxer-webm: 4f35f7cbe854078d1ac9338744f61a02 -> 
  custom:container-muxer-webm: aa71ff27fc2769a1b78a27578f13a17b -> 
  custom:video-decoder-webm-vp8: 9c59270c3fd7afecdb556c50c9e8de78 -> 
  custom:AudioImporter_EditorPlatform: 3918e3fc78b5a79bad01e8451be0beb8 -> 
  custom:framework-osx-AVFoundation: e770b220cccbd017edd2c1fefb359320 -> 
  custom:video-encoder-webm-vp8: eb34c28f22e8b96e1ab97ce403110664 -> 
  custom:audio-decoder-ogg-vorbis: bf7c407c2cedff20999df2af8eb42d56 -> 
  custom:audio-encoder-webm-vorbis: bf7c407c2cedff20999df2af8eb42d56 -> 
========================================================================
Received Prepare
Begin MonoManager ReloadAssembly
Thread 0x28b8ff000 may have been prematurely finalized
Symbol file LoadedFromMemory doesn't match image /Users/Maksym/Work/romeVsBarbarians2/Library/PackageCache/com.unity.visualscripting@1.8.0/Editor/VisualScripting.Core/Dependencies/YamlDotNet/Unity.VisualScripting.YamlDotNet.dll
Symbol file LoadedFromMemory doesn't match image /Users/Maksym/Work/romeVsBarbarians2/Library/PackageCache/com.unity.visualscripting@1.8.0/Editor/VisualScripting.Core/Dependencies/DotNetZip/Unity.VisualScripting.IonicZip.dll
- Loaded All Assemblies, in  0.555 seconds
Refreshing native plugins compatible for Editor in 0.82 ms, found 2 plugins.
Native extension for Android target not found
Native extension for OSXStandalone target not found
Mono: successfully reloaded assembly
- Finished resetting the current domain, in  0.741 seconds
Domain Reload Profiling: 1296ms
	BeginReloadAssembly (116ms)
		ExecutionOrderSort (0ms)
		DisableScriptedObjects (3ms)
		BackupInstance (0ms)
		ReleaseScriptingObjects (0ms)
		CreateAndSetChildDomain (50ms)
	RebuildCommonClasses (28ms)
	RebuildNativeTypeToScriptingClass (9ms)
	initialDomainReloadingComplete (15ms)
	LoadAllAssembliesAndSetupDomain (386ms)
		LoadAssemblies (167ms)
		RebuildTransferFunctionScriptingTraits (0ms)
		AnalyzeDomain (252ms)
			TypeCache.Refresh (248ms)
				TypeCache.ScanAssembly (240ms)
			ScanForSourceGeneratedMonoScriptInfo (0ms)
			ResolveRequiredComponents (4ms)
	FinalizeReload (741ms)
		ReleaseScriptCaches (0ms)
		RebuildScriptCaches (0ms)
		SetupLoadedEditorAssemblies (336ms)
			LogAssemblyErrors (0ms)
			InitializePlatformSupportModulesInManaged (15ms)
			SetLoadedEditorAssemblies (4ms)
			RefreshPlugins (0ms)
			BeforeProcessingInitializeOnLoad (45ms)
			ProcessInitializeOnLoadAttributes (259ms)
			ProcessInitializeOnLoadMethodAttributes (12ms)
			AfterProcessingInitializeOnLoad (1ms)
			EditorAssembliesLoaded (0ms)
		ExecutionOrderSort2 (0ms)
		AwakeInstancesAfterBackupRestoration (3ms)
Refreshing native plugins compatible for Editor in 0.81 ms, found 2 plugins.
Preloading 0 native plugins for Editor in 0.00 ms.
Unloading 3288 Unused Serialized files (Serialized files now loaded: 0)
Unloading 40 unused Assets / (6.4 MB). Loaded Objects now: 3931.
Memory consumption went from 208.6 MB to 202.2 MB.
Total: 4.430334 ms (FindLiveObjects: 0.200958 ms CreateObjectMapping: 0.046542 ms MarkObjects: 2.873000 ms  DeleteObjects: 1.308875 ms)

Prepare: number of updated asset objects reloaded= 0
AssetImportParameters requested are different than current active one (requested -> active):
  custom:container-demuxer-ogg: 62fdf1f143b41e24485cea50d1cbac27 -> 
  custom:video-decoder-ogg-theora: a1e56fd34408186e4bbccfd4996cb3dc -> 
  custom:CustomObjectIndexerAttribute: 756ad292c208cfabdd7b50bc23989ffe -> 
  custom:container-demuxer-webm: 4f35f7cbe854078d1ac9338744f61a02 -> 
  custom:container-muxer-webm: aa71ff27fc2769a1b78a27578f13a17b -> 
  custom:video-decoder-webm-vp8: 9c59270c3fd7afecdb556c50c9e8de78 -> 
  custom:AudioImporter_EditorPlatform: 3918e3fc78b5a79bad01e8451be0beb8 -> 
  custom:framework-osx-AVFoundation: e770b220cccbd017edd2c1fefb359320 -> 
  custom:video-encoder-webm-vp8: eb34c28f22e8b96e1ab97ce403110664 -> 
  custom:audio-decoder-ogg-vorbis: bf7c407c2cedff20999df2af8eb42d56 -> 
  custom:audio-encoder-webm-vorbis: bf7c407c2cedff20999df2af8eb42d56 -> 
========================================================================
Received Prepare
Begin MonoManager ReloadAssembly
Thread 0x28b8ff000 may have been prematurely finalized
Symbol file LoadedFromMemory doesn't match image /Users/Maksym/Work/romeVsBarbarians2/Library/PackageCache/com.unity.visualscripting@1.8.0/Editor/VisualScripting.Core/Dependencies/YamlDotNet/Unity.VisualScripting.YamlDotNet.dll
Symbol file LoadedFromMemory doesn't match image /Users/Maksym/Work/romeVsBarbarians2/Library/PackageCache/com.unity.visualscripting@1.8.0/Editor/VisualScripting.Core/Dependencies/DotNetZip/Unity.VisualScripting.IonicZip.dll
- Loaded All Assemblies, in  0.566 seconds
Refreshing native plugins compatible for Editor in 0.76 ms, found 2 plugins.
Native extension for Android target not found
Native extension for OSXStandalone target not found
Mono: successfully reloaded assembly
- Finished resetting the current domain, in  0.854 seconds
Domain Reload Profiling: 1420ms
	BeginReloadAssembly (137ms)
		ExecutionOrderSort (0ms)
		DisableScriptedObjects (4ms)
		BackupInstance (0ms)
		ReleaseScriptingObjects (0ms)
		CreateAndSetChildDomain (65ms)
	RebuildCommonClasses (28ms)
	RebuildNativeTypeToScriptingClass (9ms)
	initialDomainReloadingComplete (15ms)
	LoadAllAssembliesAndSetupDomain (376ms)
		LoadAssemblies (181ms)
		RebuildTransferFunctionScriptingTraits (0ms)
		AnalyzeDomain (236ms)
			TypeCache.Refresh (232ms)
				TypeCache.ScanAssembly (218ms)
			ScanForSourceGeneratedMonoScriptInfo (0ms)
			ResolveRequiredComponents (4ms)
	FinalizeReload (854ms)
		ReleaseScriptCaches (0ms)
		RebuildScriptCaches (0ms)
		SetupLoadedEditorAssemblies (332ms)
			LogAssemblyErrors (0ms)
			InitializePlatformSupportModulesInManaged (14ms)
			SetLoadedEditorAssemblies (3ms)
			RefreshPlugins (0ms)
			BeforeProcessingInitializeOnLoad (44ms)
			ProcessInitializeOnLoadAttributes (258ms)
			ProcessInitializeOnLoadMethodAttributes (11ms)
			AfterProcessingInitializeOnLoad (1ms)
			EditorAssembliesLoaded (0ms)
		ExecutionOrderSort2 (0ms)
		AwakeInstancesAfterBackupRestoration (3ms)
Refreshing native plugins compatible for Editor in 0.75 ms, found 2 plugins.
Preloading 0 native plugins for Editor in 0.00 ms.
Unloading 3288 Unused Serialized files (Serialized files now loaded: 0)
Unloading 40 unused Assets / (6.4 MB). Loaded Objects now: 3946.
Memory consumption went from 216.5 MB to 210.2 MB.
Total: 4.885250 ms (FindLiveObjects: 0.230667 ms CreateObjectMapping: 0.055417 ms MarkObjects: 3.118541 ms  DeleteObjects: 1.480125 ms)

Prepare: number of updated asset objects reloaded= 0
AssetImportParameters requested are different than current active one (requested -> active):
  custom:container-demuxer-ogg: 62fdf1f143b41e24485cea50d1cbac27 -> 
  custom:video-decoder-ogg-theora: a1e56fd34408186e4bbccfd4996cb3dc -> 
  custom:CustomObjectIndexerAttribute: 756ad292c208cfabdd7b50bc23989ffe -> 
  custom:container-demuxer-webm: 4f35f7cbe854078d1ac9338744f61a02 -> 
  custom:container-muxer-webm: aa71ff27fc2769a1b78a27578f13a17b -> 
  custom:video-decoder-webm-vp8: 9c59270c3fd7afecdb556c50c9e8de78 -> 
  custom:AudioImporter_EditorPlatform: 3918e3fc78b5a79bad01e8451be0beb8 -> 
  custom:framework-osx-AVFoundation: e770b220cccbd017edd2c1fefb359320 -> 
  custom:video-encoder-webm-vp8: eb34c28f22e8b96e1ab97ce403110664 -> 
  custom:audio-decoder-ogg-vorbis: bf7c407c2cedff20999df2af8eb42d56 -> 
  custom:audio-encoder-webm-vorbis: bf7c407c2cedff20999df2af8eb42d56 -> 
========================================================================
Received Import Request.
  Time since last request: 1022.036577 seconds.
  path: Assets/Tiny Trees All Season/Prefabs/Bushes/Bushes 1/Bushes Winter/Bush 1.prefab
  artifactKey: Guid(f905f8e050879bb489860526110fbf62) Importer(815301076,1909f56bfc062723c751e8b465ee728b)
Start importing Assets/Tiny Trees All Season/Prefabs/Bushes/Bushes 1/Bushes Winter/Bush 1.prefab using Guid(f905f8e050879bb489860526110fbf62) Importer(815301076,1909f56bfc062723c751e8b465ee728b)  -> (artifact id: 'fae97c44ed492ca46a7244461accc6c6') in 0.394497 seconds
Number of updated asset objects reloaded before import = 0
Number of asset objects unloaded after import = 51
========================================================================
Received Import Request.
  Time since last request: 0.000419 seconds.
  path: Assets/Tiny Trees All Season/Prefabs/Bushes/Bushes 1/Bushes Summer/Bush 1.prefab
  artifactKey: Guid(77465a7fa706264448afc219f66ebe70) Importer(815301076,1909f56bfc062723c751e8b465ee728b)
Start importing Assets/Tiny Trees All Season/Prefabs/Bushes/Bushes 1/Bushes Summer/Bush 1.prefab using Guid(77465a7fa706264448afc219f66ebe70) Importer(815301076,1909f56bfc062723c751e8b465ee728b)  -> (artifact id: 'cdacb79bc92b5fd967ec857cee5d6780') in 0.006193 seconds
Number of updated asset objects reloaded before import = 0
Number of asset objects unloaded after import = 16
========================================================================
Received Import Request.
  Time since last request: 0.000271 seconds.
  path: Assets/Tiny Trees All Season/Models/Bushes/Bushes 1/Bushes Autumn/Bush 2.fbx
  artifactKey: Guid(084527cc9a2e6a24f9b819de2728a1bc) Importer(815301076,1909f56bfc062723c751e8b465ee728b)
Start importing Assets/Tiny Trees All Season/Models/Bushes/Bushes 1/Bushes Autumn/Bush 2.fbx using Guid(084527cc9a2e6a24f9b819de2728a1bc) Importer(815301076,1909f56bfc062723c751e8b465ee728b)  -> (artifact id: 'db2e718032807234d5c8bea828864402') in 0.033459 seconds
Number of updated asset objects reloaded before import = 0
Number of asset objects unloaded after import = 14
========================================================================
Received Import Request.
  Time since last request: 0.000236 seconds.
  path: Assets/Tiny Trees All Season/Models/Bushes/Bushes 2/Bushes Spring/Bush 3.fbx
  artifactKey: Guid(99e38dcf8887b934e89f391922e5afdc) Importer(815301076,1909f56bfc062723c751e8b465ee728b)
Start importing Assets/Tiny Trees All Season/Models/Bushes/Bushes 2/Bushes Spring/Bush 3.fbx using Guid(99e38dcf8887b934e89f391922e5afdc) Importer(815301076,1909f56bfc062723c751e8b465ee728b)  -> (artifact id: '8956057c461d61ebd20a4c69c0982b90') in 0.018240 seconds
Number of updated asset objects reloaded before import = 0
Number of asset objects unloaded after import = 14
========================================================================
Received Import Request.
  Time since last request: 0.000185 seconds.
  path: Assets/Tiny Trees All Season/Models/Bushes/Bushes 1/Bushes Autumn/Bush 3.fbx
  artifactKey: Guid(00db950cc27b7e940bf5d47b02278448) Importer(815301076,1909f56bfc062723c751e8b465ee728b)
Start importing Assets/Tiny Trees All Season/Models/Bushes/Bushes 1/Bushes Autumn/Bush 3.fbx using Guid(00db950cc27b7e940bf5d47b02278448) Importer(815301076,1909f56bfc062723c751e8b465ee728b)  -> (artifact id: '4b88e5a7ec87637c7dfc627560e18bf3') in 0.019995 seconds
Number of updated asset objects reloaded before import = 0
Number of asset objects unloaded after import = 14
========================================================================
Received Import Request.
  Time since last request: 0.000099 seconds.
  path: Assets/Tiny Trees All Season/Models/Bushes/Bushes 2/Bushes Summer/Bush 1.fbx
  artifactKey: Guid(e05448ba3ffe6eb43bb398a2480239f4) Importer(815301076,1909f56bfc062723c751e8b465ee728b)
Start importing Assets/Tiny Trees All Season/Models/Bushes/Bushes 2/Bushes Summer/Bush 1.fbx using Guid(e05448ba3ffe6eb43bb398a2480239f4) Importer(815301076,1909f56bfc062723c751e8b465ee728b)  -> (artifact id: 'ff2cfd32a3016051a16d952916346269') in 0.020834 seconds
Number of updated asset objects reloaded before import = 0
Number of asset objects unloaded after import = 14
========================================================================
Received Import Request.
  Time since last request: 0.000369 seconds.
  path: Assets/Tiny Trees All Season/Models/Bushes/Bushes 2/Bushes Spring/Bush 1.fbx
  artifactKey: Guid(11bc939ab5dcd614b87203e54577d2fd) Importer(815301076,1909f56bfc062723c751e8b465ee728b)
Start importing Assets/Tiny Trees All Season/Models/Bushes/Bushes 2/Bushes Spring/Bush 1.fbx using Guid(11bc939ab5dcd614b87203e54577d2fd) Importer(815301076,1909f56bfc062723c751e8b465ee728b)  -> (artifact id: '2153251342e45ded374f7f0ca261ca1e') in 0.014893 seconds
Number of updated asset objects reloaded before import = 0
Number of asset objects unloaded after import = 14
Editor requested this worker to shutdown with reason: Scaling down because of idle timeout
TcpMessagingSession - receive error: operation aborted. errorcode: 89, details: Operation aborted.
AssetImportWorker is now disconnected from the server
Process exiting
