Unity Editor version:    2022.3.4f1 (35713cd46cd7)
Branch:                  2022.3/staging
Build type:              Release
Batch mode:              YES
macOS version:           Version 13.2.1 (Build 22D68)
Darwin version:          22.3.0
Architecture:            arm64
Running under Rosetta:   NO
Available memory:        8192 MB
Using pre-set license
Pro License: YES

COMMAND LINE ARGUMENTS:
/Applications/Unity/Hub/Editor/2022.3.4f1/Unity.app/Contents/MacOS/Unity
-adb2
-batchMode
-noUpm
-name
AssetImportWorker4
-projectPath
/Users/Maksym/Work/romeVsBarbarians2
-logFile
Logs/AssetImportWorker4.log
-srvPort
59589
Successfully changed project path to: /Users/Maksym/Work/romeVsBarbarians2
/Users/Maksym/Work/romeVsBarbarians2
[UnityMemory] Configuration Parameters - Can be set up in boot.config
    "memorysetup-bucket-allocator-granularity=16"
    "memorysetup-bucket-allocator-bucket-count=8"
    "memorysetup-bucket-allocator-block-size=33554432"
    "memorysetup-bucket-allocator-block-count=8"
    "memorysetup-main-allocator-block-size=16777216"
    "memorysetup-thread-allocator-block-size=16777216"
    "memorysetup-gfx-main-allocator-block-size=16777216"
    "memorysetup-gfx-thread-allocator-block-size=16777216"
    "memorysetup-cache-allocator-block-size=4194304"
    "memorysetup-typetree-allocator-block-size=2097152"
    "memorysetup-profiler-bucket-allocator-granularity=16"
    "memorysetup-profiler-bucket-allocator-bucket-count=8"
    "memorysetup-profiler-bucket-allocator-block-size=33554432"
    "memorysetup-profiler-bucket-allocator-block-count=8"
    "memorysetup-profiler-allocator-block-size=16777216"
    "memorysetup-profiler-editor-allocator-block-size=1048576"
    "memorysetup-temp-allocator-size-main=16777216"
    "memorysetup-job-temp-allocator-block-size=2097152"
    "memorysetup-job-temp-allocator-block-size-background=1048576"
    "memorysetup-job-temp-allocator-reduction-small-platforms=262144"
    "memorysetup-allocator-temp-initial-block-size-main=262144"
    "memorysetup-allocator-temp-initial-block-size-worker=262144"
    "memorysetup-temp-allocator-size-background-worker=32768"
    "memorysetup-temp-allocator-size-job-worker=262144"
    "memorysetup-temp-allocator-size-preload-manager=33554432"
    "memorysetup-temp-allocator-size-nav-mesh-worker=65536"
    "memorysetup-temp-allocator-size-audio-worker=65536"
    "memorysetup-temp-allocator-size-cloud-worker=32768"
    "memorysetup-temp-allocator-size-gi-baking-worker=262144"
    "memorysetup-temp-allocator-size-gfx=262144"
Player connection [8536785216] Host "[IP] 192.168.0.100 [Port] 0 [Flags] 2 [Guid] 3189724772 [EditorId] 3189724772 [Version] 1048832 [Id] OSXEditor(0,MacBook-Pro-Maksym.local) [Debug] 1 [PackageName] OSXEditor [ProjectName] Editor" joined multi-casting on [225.0.0.222:54997]...

Player connection [8536785216] Host "[IP] 192.168.0.100 [Port] 0 [Flags] 2 [Guid] 3189724772 [EditorId] 3189724772 [Version] 1048832 [Id] OSXEditor(0,MacBook-Pro-Maksym.local) [Debug] 1 [PackageName] OSXEditor [ProjectName] Editor" joined alternative multi-casting on [225.0.0.222:34997]...

Refreshing native plugins compatible for Editor in 11.25 ms, found 2 plugins.
Preloading 0 native plugins for Editor in 0.00 ms.
Initialize engine version: 2022.3.4f1 (35713cd46cd7)
[Subsystems] Discovering subsystems at path /Applications/Unity/Hub/Editor/2022.3.4f1/Unity.app/Contents/Resources/UnitySubsystems
[Subsystems] Discovering subsystems at path /Users/Maksym/Work/romeVsBarbarians2/Assets
GfxDevice: creating device client; threaded=0; jobified=0
 preferred device: Apple M1 (high power)
Metal devices available: 1
0: Apple M1 (high power)
Forcing user selected device: Apple M1 (high power)
Initializing Metal device caps: Apple M1
Initialize mono
Mono path[0] = '/Applications/Unity/Hub/Editor/2022.3.4f1/Unity.app/Contents/Managed'
Mono path[1] = '/Applications/Unity/Hub/Editor/2022.3.4f1/Unity.app/Contents/MonoBleedingEdge/lib/mono/unityjit-macos'
Mono config path = '/Applications/Unity/Hub/Editor/2022.3.4f1/Unity.app/Contents/MonoBleedingEdge/etc'
Using monoOptions --debugger-agent=transport=dt_socket,embedding=1,server=y,suspend=n,address=127.0.0.1:56857
Begin MonoManager ReloadAssembly
Registering precompiled unity dll's ...
Register platform support module: /Applications/Unity/Hub/Editor/2022.3.4f1/Unity.app/Contents/PlaybackEngines/MacStandaloneSupport/UnityEditor.OSXStandalone.Extensions.dll
Register platform support module: /Applications/Unity/Hub/Editor/2022.3.4f1/PlaybackEngines/AndroidPlayer/UnityEditor.Android.Extensions.dll
Registered in 0.003647 seconds.
- Loaded All Assemblies, in  0.336 seconds
Native extension for Android target not found
Android Extension - Scanning For ADB Devices 74 ms
Native extension for OSXStandalone target not found
Mono: successfully reloaded assembly
- Finished resetting the current domain, in  0.273 seconds
Domain Reload Profiling: 609ms
	BeginReloadAssembly (143ms)
		ExecutionOrderSort (0ms)
		DisableScriptedObjects (0ms)
		BackupInstance (0ms)
		ReleaseScriptingObjects (0ms)
		CreateAndSetChildDomain (0ms)
	RebuildCommonClasses (24ms)
	RebuildNativeTypeToScriptingClass (8ms)
	initialDomainReloadingComplete (39ms)
	LoadAllAssembliesAndSetupDomain (122ms)
		LoadAssemblies (156ms)
		RebuildTransferFunctionScriptingTraits (0ms)
		AnalyzeDomain (107ms)
			TypeCache.Refresh (106ms)
				TypeCache.ScanAssembly (96ms)
			ScanForSourceGeneratedMonoScriptInfo (0ms)
			ResolveRequiredComponents (1ms)
	FinalizeReload (274ms)
		ReleaseScriptCaches (0ms)
		RebuildScriptCaches (0ms)
		SetupLoadedEditorAssemblies (237ms)
			LogAssemblyErrors (0ms)
			InitializePlatformSupportModulesInManaged (153ms)
			SetLoadedEditorAssemblies (3ms)
			RefreshPlugins (0ms)
			BeforeProcessingInitializeOnLoad (1ms)
			ProcessInitializeOnLoadAttributes (53ms)
			ProcessInitializeOnLoadMethodAttributes (27ms)
			AfterProcessingInitializeOnLoad (0ms)
			EditorAssembliesLoaded (0ms)
		ExecutionOrderSort2 (0ms)
		AwakeInstancesAfterBackupRestoration (0ms)
========================================================================
Worker process is ready to serve import requests
Begin MonoManager ReloadAssembly
Symbol file LoadedFromMemory doesn't match image /Users/Maksym/Work/romeVsBarbarians2/Library/PackageCache/com.unity.visualscripting@1.8.0/Editor/VisualScripting.Core/Dependencies/YamlDotNet/Unity.VisualScripting.YamlDotNet.dll
Symbol file LoadedFromMemory doesn't match image /Users/Maksym/Work/romeVsBarbarians2/Library/PackageCache/com.unity.visualscripting@1.8.0/Editor/VisualScripting.Core/Dependencies/DotNetZip/Unity.VisualScripting.IonicZip.dll
- Loaded All Assemblies, in  0.538 seconds
Refreshing native plugins compatible for Editor in 0.78 ms, found 2 plugins.
Native extension for Android target not found
Native extension for OSXStandalone target not found
Mono: successfully reloaded assembly
- Finished resetting the current domain, in  0.427 seconds
Domain Reload Profiling: 965ms
	BeginReloadAssembly (76ms)
		ExecutionOrderSort (0ms)
		DisableScriptedObjects (3ms)
		BackupInstance (0ms)
		ReleaseScriptingObjects (0ms)
		CreateAndSetChildDomain (19ms)
	RebuildCommonClasses (23ms)
	RebuildNativeTypeToScriptingClass (8ms)
	initialDomainReloadingComplete (23ms)
	LoadAllAssembliesAndSetupDomain (409ms)
		LoadAssemblies (240ms)
		RebuildTransferFunctionScriptingTraits (0ms)
		AnalyzeDomain (199ms)
			TypeCache.Refresh (188ms)
				TypeCache.ScanAssembly (179ms)
			ScanForSourceGeneratedMonoScriptInfo (8ms)
			ResolveRequiredComponents (3ms)
	FinalizeReload (427ms)
		ReleaseScriptCaches (0ms)
		RebuildScriptCaches (0ms)
		SetupLoadedEditorAssemblies (316ms)
			LogAssemblyErrors (0ms)
			InitializePlatformSupportModulesInManaged (12ms)
			SetLoadedEditorAssemblies (3ms)
			RefreshPlugins (0ms)
			BeforeProcessingInitializeOnLoad (33ms)
			ProcessInitializeOnLoadAttributes (256ms)
			ProcessInitializeOnLoadMethodAttributes (11ms)
			AfterProcessingInitializeOnLoad (1ms)
			EditorAssembliesLoaded (0ms)
		ExecutionOrderSort2 (0ms)
		AwakeInstancesAfterBackupRestoration (2ms)
Launching external process: /Applications/Unity/Hub/Editor/2022.3.4f1/Unity.app/Contents/Tools/UnityShaderCompiler
Launched and connected shader compiler UnityShaderCompiler after 0.09 seconds
Refreshing native plugins compatible for Editor in 0.83 ms, found 2 plugins.
Preloading 0 native plugins for Editor in 0.00 ms.
Unloading 3356 Unused Serialized files (Serialized files now loaded: 0)
Unloading 61 unused Assets / (6.4 MB). Loaded Objects now: 3827.
Memory consumption went from 189.2 MB to 182.8 MB.
Total: 3.980334 ms (FindLiveObjects: 0.170667 ms CreateObjectMapping: 0.058916 ms MarkObjects: 2.489334 ms  DeleteObjects: 1.260750 ms)

AssetImportParameters requested are different than current active one (requested -> active):
  custom:container-demuxer-ogg: 62fdf1f143b41e24485cea50d1cbac27 -> 
  custom:video-decoder-ogg-theora: a1e56fd34408186e4bbccfd4996cb3dc -> 
  custom:CustomObjectIndexerAttribute: 756ad292c208cfabdd7b50bc23989ffe -> 
  custom:container-demuxer-webm: 4f35f7cbe854078d1ac9338744f61a02 -> 
  custom:container-muxer-webm: aa71ff27fc2769a1b78a27578f13a17b -> 
  custom:video-decoder-webm-vp8: 9c59270c3fd7afecdb556c50c9e8de78 -> 
  custom:AudioImporter_EditorPlatform: 3918e3fc78b5a79bad01e8451be0beb8 -> 
  custom:framework-osx-AVFoundation: e770b220cccbd017edd2c1fefb359320 -> 
  custom:video-encoder-webm-vp8: eb34c28f22e8b96e1ab97ce403110664 -> 
  custom:audio-decoder-ogg-vorbis: bf7c407c2cedff20999df2af8eb42d56 -> 
  custom:audio-encoder-webm-vorbis: bf7c407c2cedff20999df2af8eb42d56 -> 
========================================================================
Received Import Request.
  Time since last request: 722158.485598 seconds.
  path: Assets/!Default/Toony Colors Pro/Demo TCP2/Cat Demo Assets/Textures/TCP2_Demo_UnityChan.png
  artifactKey: Guid(88e58b4cc42d7304fb1dc40653de8e97) Importer(815301076,1909f56bfc062723c751e8b465ee728b)
Start importing Assets/!Default/Toony Colors Pro/Demo TCP2/Cat Demo Assets/Textures/TCP2_Demo_UnityChan.png using Guid(88e58b4cc42d7304fb1dc40653de8e97) Importer(815301076,1909f56bfc062723c751e8b465ee728b)  -> (artifact id: 'fa445ef6afc3b5e63c1482ac2162dff1') in 0.078598 seconds
Number of updated asset objects reloaded before import = 0
Number of asset objects unloaded after import = 2
========================================================================
Received Import Request.
  Time since last request: 0.000308 seconds.
  path: Assets/!Default/Toony Colors Pro/Demo TCP2/Cat Demo Assets/Materials/UnityChan/TCP2_Demo_UnityChan style2 skin.mat
  artifactKey: Guid(a4f8bb9f618d7474184e8087bc2c7faa) Importer(815301076,1909f56bfc062723c751e8b465ee728b)
Start importing Assets/!Default/Toony Colors Pro/Demo TCP2/Cat Demo Assets/Materials/UnityChan/TCP2_Demo_UnityChan style2 skin.mat using Guid(a4f8bb9f618d7474184e8087bc2c7faa) Importer(815301076,1909f56bfc062723c751e8b465ee728b)  -> (artifact id: '53f1b6f154fd04f4c11bf26365ee4ba6') in 0.414709 seconds
Number of updated asset objects reloaded before import = 0
Number of asset objects unloaded after import = 3
========================================================================
Received Import Request.
  Time since last request: 0.001562 seconds.
  path: Assets/!Default/Toony Colors Pro/Demo TCP2/Cat Demo Assets/Materials/UnityChan/TCP2_Demo_UnityChan style1 flat.mat
  artifactKey: Guid(095d600332d3bfb49a4a577478a2c244) Importer(815301076,1909f56bfc062723c751e8b465ee728b)
Start importing Assets/!Default/Toony Colors Pro/Demo TCP2/Cat Demo Assets/Materials/UnityChan/TCP2_Demo_UnityChan style1 flat.mat using Guid(095d600332d3bfb49a4a577478a2c244) Importer(815301076,1909f56bfc062723c751e8b465ee728b)  -> (artifact id: '88285a47aa373d11e05d24aee0da7614') in 0.263539 seconds
Number of updated asset objects reloaded before import = 0
Number of asset objects unloaded after import = 3
========================================================================
Received Import Request.
  Time since last request: 0.000122 seconds.
  path: Assets/!Default/Toony Colors Pro/Demo TCP2/Cat Demo Assets/Materials/UnityChan/TCP2_Demo_UnityChan style4.mat
  artifactKey: Guid(02e9382093b5a2544a3b1c4579d53053) Importer(815301076,1909f56bfc062723c751e8b465ee728b)
Start importing Assets/!Default/Toony Colors Pro/Demo TCP2/Cat Demo Assets/Materials/UnityChan/TCP2_Demo_UnityChan style4.mat using Guid(02e9382093b5a2544a3b1c4579d53053) Importer(815301076,1909f56bfc062723c751e8b465ee728b)  -> (artifact id: '0c9e004e1acb3bc4af3edc37b21bd135') in 0.287346 seconds
Number of updated asset objects reloaded before import = 0
Number of asset objects unloaded after import = 4
========================================================================
Received Import Request.
  Time since last request: 0.000102 seconds.
  path: Assets/!Default/Toony Colors Pro/Demo TCP2/Cat Demo Assets/Materials/UnityChan/TCP2_Demo_UnityChan style5 body.mat
  artifactKey: Guid(23f84aaf22aeadc468f591df4275e601) Importer(815301076,1909f56bfc062723c751e8b465ee728b)
Start importing Assets/!Default/Toony Colors Pro/Demo TCP2/Cat Demo Assets/Materials/UnityChan/TCP2_Demo_UnityChan style5 body.mat using Guid(23f84aaf22aeadc468f591df4275e601) Importer(815301076,1909f56bfc062723c751e8b465ee728b)  -> (artifact id: 'f7d8fe030e61d977a7dae04828ff0731') in 0.395189 seconds
Number of updated asset objects reloaded before import = 0
Number of asset objects unloaded after import = 4
========================================================================
Received Import Request.
  Time since last request: 0.000357 seconds.
  path: Assets/!Default/Toony Colors Pro/Demo TCP2/Cat Demo Assets/Materials/UnityChan/TCP2_Demo_UnityChan style4 body.mat
  artifactKey: Guid(60675712091797d498fdafd5ae704697) Importer(815301076,1909f56bfc062723c751e8b465ee728b)
Start importing Assets/!Default/Toony Colors Pro/Demo TCP2/Cat Demo Assets/Materials/UnityChan/TCP2_Demo_UnityChan style4 body.mat using Guid(60675712091797d498fdafd5ae704697) Importer(815301076,1909f56bfc062723c751e8b465ee728b)  -> (artifact id: '431caf2f3cefa620e36f81a558f6fb9f') in 0.007594 seconds
Number of updated asset objects reloaded before import = 0
Number of asset objects unloaded after import = 4
========================================================================
Received Import Request.
  Time since last request: 0.000259 seconds.
  path: Assets/!Default/Toony Colors Pro/Demo TCP2/Cat Demo Assets/Materials/UnityChan/TCP2_Demo_UnityChan style3 flat skin.mat
  artifactKey: Guid(45600aa819caf04488a3c645987bf68e) Importer(815301076,1909f56bfc062723c751e8b465ee728b)
Start importing Assets/!Default/Toony Colors Pro/Demo TCP2/Cat Demo Assets/Materials/UnityChan/TCP2_Demo_UnityChan style3 flat skin.mat using Guid(45600aa819caf04488a3c645987bf68e) Importer(815301076,1909f56bfc062723c751e8b465ee728b)  -> (artifact id: '052b38345c9baa20113e9b4886b22036') in 0.348914 seconds
Number of updated asset objects reloaded before import = 0
Number of asset objects unloaded after import = 3
========================================================================
Received Import Request.
  Time since last request: 0.002767 seconds.
  path: Assets/!Default/Toony Colors Pro/Demo TCP2/Cat Demo Assets/Materials/UnityChan/TCP2_Demo_UnityChan style4 flat skin.mat
  artifactKey: Guid(adc3b9b3e51e784428ed5e0305644362) Importer(815301076,1909f56bfc062723c751e8b465ee728b)
Start importing Assets/!Default/Toony Colors Pro/Demo TCP2/Cat Demo Assets/Materials/UnityChan/TCP2_Demo_UnityChan style4 flat skin.mat using Guid(adc3b9b3e51e784428ed5e0305644362) Importer(815301076,1909f56bfc062723c751e8b465ee728b)  -> (artifact id: '2feaac1765e4d1ae0fd416a7e870de8c') in 0.236906 seconds
Number of updated asset objects reloaded before import = 0
Number of asset objects unloaded after import = 4
========================================================================
Received Import Request.
  Time since last request: 0.000796 seconds.
  path: Assets/!Default/Toony Colors Pro/Demo TCP2/Cat Demo Assets/Textures/TCP2_Demo_UnityChan_Flat.png
  artifactKey: Guid(efb373a6e0c047146b108f84426b8c5f) Importer(815301076,1909f56bfc062723c751e8b465ee728b)
Start importing Assets/!Default/Toony Colors Pro/Demo TCP2/Cat Demo Assets/Textures/TCP2_Demo_UnityChan_Flat.png using Guid(efb373a6e0c047146b108f84426b8c5f) Importer(815301076,1909f56bfc062723c751e8b465ee728b)  -> (artifact id: '1b95dade1fed503fe56fe5f9173e38bb') in 0.020445 seconds
Number of updated asset objects reloaded before import = 0
Number of asset objects unloaded after import = 2
========================================================================
Received Import Request.
  Time since last request: 0.000144 seconds.
  path: Assets/!Default/Toony Colors Pro/Demo TCP2/Cat Demo Assets/Models/TCP2_Demo_UnityChan_Animations.fbx
  artifactKey: Guid(f320efa63ce12874a9ad50add869c0b5) Importer(815301076,1909f56bfc062723c751e8b465ee728b)
Start importing Assets/!Default/Toony Colors Pro/Demo TCP2/Cat Demo Assets/Models/TCP2_Demo_UnityChan_Animations.fbx using Guid(f320efa63ce12874a9ad50add869c0b5) Importer(815301076,1909f56bfc062723c751e8b465ee728b)  -> (artifact id: 'ac1878f66822ef62e0d07147779a7dc3') in 0.033561 seconds
Number of updated asset objects reloaded before import = 0
Number of asset objects unloaded after import = 288
========================================================================
Received Import Request.
  Time since last request: 0.000085 seconds.
  path: Assets/!Default/Toony Colors Pro/Demo TCP2/Cat Demo Assets/Textures/TCP2_Demo_UnityChan_Flat_ShadowColor.png
  artifactKey: Guid(2dd5db1f3356deb4dbf2dfec55c37dce) Importer(815301076,1909f56bfc062723c751e8b465ee728b)
Start importing Assets/!Default/Toony Colors Pro/Demo TCP2/Cat Demo Assets/Textures/TCP2_Demo_UnityChan_Flat_ShadowColor.png using Guid(2dd5db1f3356deb4dbf2dfec55c37dce) Importer(815301076,1909f56bfc062723c751e8b465ee728b)  -> (artifact id: '418aeb681dfcf4b27d81b01ea0a00d91') in 0.005807 seconds
Number of updated asset objects reloaded before import = 0
Number of asset objects unloaded after import = 2
========================================================================
Received Import Request.
  Time since last request: 0.000125 seconds.
  path: Assets/!Default/Toony Colors Pro/Demo TCP2/Cat Demo Assets/Materials/UnityChan/TCP2_Demo_UnityChan style6 flat body.mat
  artifactKey: Guid(fd93840df0e02fe4cb42b7e617234f36) Importer(815301076,1909f56bfc062723c751e8b465ee728b)
Start importing Assets/!Default/Toony Colors Pro/Demo TCP2/Cat Demo Assets/Materials/UnityChan/TCP2_Demo_UnityChan style6 flat body.mat using Guid(fd93840df0e02fe4cb42b7e617234f36) Importer(815301076,1909f56bfc062723c751e8b465ee728b)  -> (artifact id: '5f7e95fcd02a97fe0ae8e718b0dbd265') in 0.323244 seconds
Number of updated asset objects reloaded before import = 0
Number of asset objects unloaded after import = 3
========================================================================
Received Import Request.
  Time since last request: 69.669486 seconds.
  path: Assets/RomeVsBarbarians2/Prefabs/Squad.prefab
  artifactKey: Guid(b6c403b6c70894d9c865275cc134541c) Importer(815301076,1909f56bfc062723c751e8b465ee728b)
Start importing Assets/RomeVsBarbarians2/Prefabs/Squad.prefab using Guid(b6c403b6c70894d9c865275cc134541c) Importer(815301076,1909f56bfc062723c751e8b465ee728b)  -> (artifact id: '20eebb74fa6452a4c75ff15f36c52c58') in 0.067469 seconds
Number of updated asset objects reloaded before import = 0
Number of asset objects unloaded after import = 1812
========================================================================
Received Import Request.
  Time since last request: 79.707465 seconds.
  path: Assets/RomeVsBarbarians2/Prefabs/Squad.prefab
  artifactKey: Guid(b6c403b6c70894d9c865275cc134541c) Importer(815301076,1909f56bfc062723c751e8b465ee728b)
Start importing Assets/RomeVsBarbarians2/Prefabs/Squad.prefab using Guid(b6c403b6c70894d9c865275cc134541c) Importer(815301076,1909f56bfc062723c751e8b465ee728b)  -> (artifact id: '6652c49b39b5c814d739860b49f93e1a') in 0.053648 seconds
Number of updated asset objects reloaded before import = 0
Number of asset objects unloaded after import = 1812
========================================================================
Received Import Request.
  Time since last request: 72.213438 seconds.
  path: Assets/RomeVsBarbarians2/Prefabs/Squad.prefab
  artifactKey: Guid(b6c403b6c70894d9c865275cc134541c) Importer(815301076,1909f56bfc062723c751e8b465ee728b)
Start importing Assets/RomeVsBarbarians2/Prefabs/Squad.prefab using Guid(b6c403b6c70894d9c865275cc134541c) Importer(815301076,1909f56bfc062723c751e8b465ee728b)  -> (artifact id: '4c8cfeaf5b3840159b0c10d460621d02') in 0.056363 seconds
Number of updated asset objects reloaded before import = 0
Number of asset objects unloaded after import = 1812
========================================================================
Received Prepare
Begin MonoManager ReloadAssembly
Thread 0x299fc7000 may have been prematurely finalized
Symbol file LoadedFromMemory doesn't match image /Users/Maksym/Work/romeVsBarbarians2/Library/PackageCache/com.unity.visualscripting@1.8.0/Editor/VisualScripting.Core/Dependencies/YamlDotNet/Unity.VisualScripting.YamlDotNet.dll
Symbol file LoadedFromMemory doesn't match image /Users/Maksym/Work/romeVsBarbarians2/Library/PackageCache/com.unity.visualscripting@1.8.0/Editor/VisualScripting.Core/Dependencies/DotNetZip/Unity.VisualScripting.IonicZip.dll
- Loaded All Assemblies, in  0.549 seconds
Refreshing native plugins compatible for Editor in 1.12 ms, found 2 plugins.
Native extension for Android target not found
Native extension for OSXStandalone target not found
Mono: successfully reloaded assembly
- Finished resetting the current domain, in  0.765 seconds
Domain Reload Profiling: 1315ms
	BeginReloadAssembly (125ms)
		ExecutionOrderSort (0ms)
		DisableScriptedObjects (3ms)
		BackupInstance (0ms)
		ReleaseScriptingObjects (0ms)
		CreateAndSetChildDomain (62ms)
	RebuildCommonClasses (23ms)
	RebuildNativeTypeToScriptingClass (8ms)
	initialDomainReloadingComplete (15ms)
	LoadAllAssembliesAndSetupDomain (378ms)
		LoadAssemblies (197ms)
		RebuildTransferFunctionScriptingTraits (0ms)
		AnalyzeDomain (215ms)
			TypeCache.Refresh (211ms)
				TypeCache.ScanAssembly (195ms)
			ScanForSourceGeneratedMonoScriptInfo (0ms)
			ResolveRequiredComponents (4ms)
	FinalizeReload (766ms)
		ReleaseScriptCaches (0ms)
		RebuildScriptCaches (0ms)
		SetupLoadedEditorAssemblies (302ms)
			LogAssemblyErrors (0ms)
			InitializePlatformSupportModulesInManaged (13ms)
			SetLoadedEditorAssemblies (3ms)
			RefreshPlugins (0ms)
			BeforeProcessingInitializeOnLoad (34ms)
			ProcessInitializeOnLoadAttributes (241ms)
			ProcessInitializeOnLoadMethodAttributes (11ms)
			AfterProcessingInitializeOnLoad (1ms)
			EditorAssembliesLoaded (0ms)
		ExecutionOrderSort2 (0ms)
		AwakeInstancesAfterBackupRestoration (3ms)
Refreshing native plugins compatible for Editor in 0.85 ms, found 2 plugins.
Preloading 0 native plugins for Editor in 0.00 ms.
Unloading 3287 Unused Serialized files (Serialized files now loaded: 0)
Unloading 41 unused Assets / (6.4 MB). Loaded Objects now: 3886.
Memory consumption went from 182.1 MB to 175.7 MB.
Total: 4.451875 ms (FindLiveObjects: 0.139542 ms CreateObjectMapping: 0.044666 ms MarkObjects: 2.999042 ms  DeleteObjects: 1.267709 ms)

Prepare: number of updated asset objects reloaded= 0
AssetImportParameters requested are different than current active one (requested -> active):
  custom:container-demuxer-ogg: 62fdf1f143b41e24485cea50d1cbac27 -> 
  custom:video-decoder-ogg-theora: a1e56fd34408186e4bbccfd4996cb3dc -> 
  custom:CustomObjectIndexerAttribute: 756ad292c208cfabdd7b50bc23989ffe -> 
  custom:container-demuxer-webm: 4f35f7cbe854078d1ac9338744f61a02 -> 
  custom:container-muxer-webm: aa71ff27fc2769a1b78a27578f13a17b -> 
  custom:video-decoder-webm-vp8: 9c59270c3fd7afecdb556c50c9e8de78 -> 
  custom:AudioImporter_EditorPlatform: 3918e3fc78b5a79bad01e8451be0beb8 -> 
  custom:framework-osx-AVFoundation: e770b220cccbd017edd2c1fefb359320 -> 
  custom:video-encoder-webm-vp8: eb34c28f22e8b96e1ab97ce403110664 -> 
  custom:audio-decoder-ogg-vorbis: bf7c407c2cedff20999df2af8eb42d56 -> 
  custom:audio-encoder-webm-vorbis: bf7c407c2cedff20999df2af8eb42d56 -> 
========================================================================
Received Prepare
Begin MonoManager ReloadAssembly
Thread 0x17accf000 may have been prematurely finalized
Symbol file LoadedFromMemory doesn't match image /Users/Maksym/Work/romeVsBarbarians2/Library/PackageCache/com.unity.visualscripting@1.8.0/Editor/VisualScripting.Core/Dependencies/YamlDotNet/Unity.VisualScripting.YamlDotNet.dll
Symbol file LoadedFromMemory doesn't match image /Users/Maksym/Work/romeVsBarbarians2/Library/PackageCache/com.unity.visualscripting@1.8.0/Editor/VisualScripting.Core/Dependencies/DotNetZip/Unity.VisualScripting.IonicZip.dll
- Loaded All Assemblies, in  0.539 seconds
Refreshing native plugins compatible for Editor in 0.78 ms, found 2 plugins.
Native extension for Android target not found
Native extension for OSXStandalone target not found
Mono: successfully reloaded assembly
- Finished resetting the current domain, in  0.746 seconds
Domain Reload Profiling: 1285ms
	BeginReloadAssembly (119ms)
		ExecutionOrderSort (0ms)
		DisableScriptedObjects (3ms)
		BackupInstance (0ms)
		ReleaseScriptingObjects (0ms)
		CreateAndSetChildDomain (50ms)
	RebuildCommonClasses (24ms)
	RebuildNativeTypeToScriptingClass (8ms)
	initialDomainReloadingComplete (15ms)
	LoadAllAssembliesAndSetupDomain (373ms)
		LoadAssemblies (178ms)
		RebuildTransferFunctionScriptingTraits (0ms)
		AnalyzeDomain (227ms)
			TypeCache.Refresh (223ms)
				TypeCache.ScanAssembly (216ms)
			ScanForSourceGeneratedMonoScriptInfo (0ms)
			ResolveRequiredComponents (3ms)
	FinalizeReload (746ms)
		ReleaseScriptCaches (0ms)
		RebuildScriptCaches (0ms)
		SetupLoadedEditorAssemblies (312ms)
			LogAssemblyErrors (0ms)
			InitializePlatformSupportModulesInManaged (14ms)
			SetLoadedEditorAssemblies (3ms)
			RefreshPlugins (0ms)
			BeforeProcessingInitializeOnLoad (41ms)
			ProcessInitializeOnLoadAttributes (242ms)
			ProcessInitializeOnLoadMethodAttributes (11ms)
			AfterProcessingInitializeOnLoad (1ms)
			EditorAssembliesLoaded (0ms)
		ExecutionOrderSort2 (0ms)
		AwakeInstancesAfterBackupRestoration (3ms)
Refreshing native plugins compatible for Editor in 0.85 ms, found 2 plugins.
Preloading 0 native plugins for Editor in 0.00 ms.
Unloading 3288 Unused Serialized files (Serialized files now loaded: 0)
Unloading 40 unused Assets / (6.4 MB). Loaded Objects now: 3901.
Memory consumption went from 190.4 MB to 184.0 MB.
Total: 4.592875 ms (FindLiveObjects: 0.145000 ms CreateObjectMapping: 0.045542 ms MarkObjects: 3.204250 ms  DeleteObjects: 1.197334 ms)

Prepare: number of updated asset objects reloaded= 0
AssetImportParameters requested are different than current active one (requested -> active):
  custom:container-demuxer-ogg: 62fdf1f143b41e24485cea50d1cbac27 -> 
  custom:video-decoder-ogg-theora: a1e56fd34408186e4bbccfd4996cb3dc -> 
  custom:CustomObjectIndexerAttribute: 756ad292c208cfabdd7b50bc23989ffe -> 
  custom:container-demuxer-webm: 4f35f7cbe854078d1ac9338744f61a02 -> 
  custom:container-muxer-webm: aa71ff27fc2769a1b78a27578f13a17b -> 
  custom:video-decoder-webm-vp8: 9c59270c3fd7afecdb556c50c9e8de78 -> 
  custom:AudioImporter_EditorPlatform: 3918e3fc78b5a79bad01e8451be0beb8 -> 
  custom:framework-osx-AVFoundation: e770b220cccbd017edd2c1fefb359320 -> 
  custom:video-encoder-webm-vp8: eb34c28f22e8b96e1ab97ce403110664 -> 
  custom:audio-decoder-ogg-vorbis: bf7c407c2cedff20999df2af8eb42d56 -> 
  custom:audio-encoder-webm-vorbis: bf7c407c2cedff20999df2af8eb42d56 -> 
========================================================================
Received Prepare
Begin MonoManager ReloadAssembly
Thread 0x17accf000 may have been prematurely finalized
Symbol file LoadedFromMemory doesn't match image /Users/Maksym/Work/romeVsBarbarians2/Library/PackageCache/com.unity.visualscripting@1.8.0/Editor/VisualScripting.Core/Dependencies/YamlDotNet/Unity.VisualScripting.YamlDotNet.dll
Symbol file LoadedFromMemory doesn't match image /Users/Maksym/Work/romeVsBarbarians2/Library/PackageCache/com.unity.visualscripting@1.8.0/Editor/VisualScripting.Core/Dependencies/DotNetZip/Unity.VisualScripting.IonicZip.dll
- Loaded All Assemblies, in  0.543 seconds
Refreshing native plugins compatible for Editor in 0.81 ms, found 2 plugins.
Native extension for Android target not found
Native extension for OSXStandalone target not found
Mono: successfully reloaded assembly
- Finished resetting the current domain, in  0.848 seconds
Domain Reload Profiling: 1392ms
	BeginReloadAssembly (138ms)
		ExecutionOrderSort (0ms)
		DisableScriptedObjects (3ms)
		BackupInstance (0ms)
		ReleaseScriptingObjects (0ms)
		CreateAndSetChildDomain (68ms)
	RebuildCommonClasses (24ms)
	RebuildNativeTypeToScriptingClass (8ms)
	initialDomainReloadingComplete (15ms)
	LoadAllAssembliesAndSetupDomain (358ms)
		LoadAssemblies (186ms)
		RebuildTransferFunctionScriptingTraits (0ms)
		AnalyzeDomain (212ms)
			TypeCache.Refresh (208ms)
				TypeCache.ScanAssembly (195ms)
			ScanForSourceGeneratedMonoScriptInfo (0ms)
			ResolveRequiredComponents (4ms)
	FinalizeReload (849ms)
		ReleaseScriptCaches (0ms)
		RebuildScriptCaches (0ms)
		SetupLoadedEditorAssemblies (301ms)
			LogAssemblyErrors (0ms)
			InitializePlatformSupportModulesInManaged (15ms)
			SetLoadedEditorAssemblies (3ms)
			RefreshPlugins (0ms)
			BeforeProcessingInitializeOnLoad (37ms)
			ProcessInitializeOnLoadAttributes (236ms)
			ProcessInitializeOnLoadMethodAttributes (10ms)
			AfterProcessingInitializeOnLoad (1ms)
			EditorAssembliesLoaded (0ms)
		ExecutionOrderSort2 (0ms)
		AwakeInstancesAfterBackupRestoration (3ms)
Refreshing native plugins compatible for Editor in 0.86 ms, found 2 plugins.
Preloading 0 native plugins for Editor in 0.00 ms.
Unloading 3288 Unused Serialized files (Serialized files now loaded: 0)
Unloading 40 unused Assets / (6.4 MB). Loaded Objects now: 3916.
Memory consumption went from 198.3 MB to 191.9 MB.
Total: 4.825292 ms (FindLiveObjects: 0.392916 ms CreateObjectMapping: 0.045459 ms MarkObjects: 3.096750 ms  DeleteObjects: 1.289208 ms)

Prepare: number of updated asset objects reloaded= 0
AssetImportParameters requested are different than current active one (requested -> active):
  custom:container-demuxer-ogg: 62fdf1f143b41e24485cea50d1cbac27 -> 
  custom:video-decoder-ogg-theora: a1e56fd34408186e4bbccfd4996cb3dc -> 
  custom:CustomObjectIndexerAttribute: 756ad292c208cfabdd7b50bc23989ffe -> 
  custom:container-demuxer-webm: 4f35f7cbe854078d1ac9338744f61a02 -> 
  custom:container-muxer-webm: aa71ff27fc2769a1b78a27578f13a17b -> 
  custom:video-decoder-webm-vp8: 9c59270c3fd7afecdb556c50c9e8de78 -> 
  custom:AudioImporter_EditorPlatform: 3918e3fc78b5a79bad01e8451be0beb8 -> 
  custom:framework-osx-AVFoundation: e770b220cccbd017edd2c1fefb359320 -> 
  custom:video-encoder-webm-vp8: eb34c28f22e8b96e1ab97ce403110664 -> 
  custom:audio-decoder-ogg-vorbis: bf7c407c2cedff20999df2af8eb42d56 -> 
  custom:audio-encoder-webm-vorbis: bf7c407c2cedff20999df2af8eb42d56 -> 
========================================================================
Received Import Request.
  Time since last request: 869.956939 seconds.
  path: Assets/Tiny Trees All Season/Prefabs/Bushes/Bushes 1/Bushes Spring/Bush 1.prefab
  artifactKey: Guid(a380bea52b8e76547bef88d9bfd262ed) Importer(815301076,1909f56bfc062723c751e8b465ee728b)
Start importing Assets/Tiny Trees All Season/Prefabs/Bushes/Bushes 1/Bushes Spring/Bush 1.prefab using Guid(a380bea52b8e76547bef88d9bfd262ed) Importer(815301076,1909f56bfc062723c751e8b465ee728b)  -> (artifact id: '2272611756b09736dda3c81a568826f8') in 0.246175 seconds
Number of updated asset objects reloaded before import = 0
Number of asset objects unloaded after import = 16
========================================================================
Received Import Request.
  Time since last request: 0.000071 seconds.
  path: Assets/Tiny Trees All Season/Models/Bushes/Bushes 1/Bushes Summer/Bush 3.fbx
  artifactKey: Guid(668373787bc04ba4ea0de37ee393e850) Importer(815301076,1909f56bfc062723c751e8b465ee728b)
Start importing Assets/Tiny Trees All Season/Models/Bushes/Bushes 1/Bushes Summer/Bush 3.fbx using Guid(668373787bc04ba4ea0de37ee393e850) Importer(815301076,1909f56bfc062723c751e8b465ee728b)  -> (artifact id: '6ffc7401a22d40af523b92aad2ef10a5') in 0.063154 seconds
Number of updated asset objects reloaded before import = 0
Number of asset objects unloaded after import = 14
========================================================================
Received Import Request.
  Time since last request: 0.000075 seconds.
  path: Assets/Tiny Trees All Season/Models/Bushes/Bushes 1/Bushes Summer/Bush 2.fbx
  artifactKey: Guid(8808ee1dc2fff6f418bae3a275c8dad5) Importer(815301076,1909f56bfc062723c751e8b465ee728b)
Start importing Assets/Tiny Trees All Season/Models/Bushes/Bushes 1/Bushes Summer/Bush 2.fbx using Guid(8808ee1dc2fff6f418bae3a275c8dad5) Importer(815301076,1909f56bfc062723c751e8b465ee728b)  -> (artifact id: '629c821b385aeab09e8372aab5df1cf8') in 0.026019 seconds
Number of updated asset objects reloaded before import = 0
Number of asset objects unloaded after import = 14
========================================================================
Received Import Request.
  Time since last request: 0.000308 seconds.
  path: Assets/Tiny Trees All Season/Models/Bushes/Bushes 1/Bushes Autumn/Bush 1.fbx
  artifactKey: Guid(c782559543b20f14f8bfc381dc4f7489) Importer(815301076,1909f56bfc062723c751e8b465ee728b)
Start importing Assets/Tiny Trees All Season/Models/Bushes/Bushes 1/Bushes Autumn/Bush 1.fbx using Guid(c782559543b20f14f8bfc381dc4f7489) Importer(815301076,1909f56bfc062723c751e8b465ee728b)  -> (artifact id: 'fd24c92fa629159ced2ce9024305c6a4') in 0.020935 seconds
Number of updated asset objects reloaded before import = 0
Number of asset objects unloaded after import = 14
========================================================================
Received Import Request.
  Time since last request: 0.000237 seconds.
  path: Assets/Tiny Trees All Season/Models/Bushes/Bushes 1/Bushes Spring/Bush 3.fbx
  artifactKey: Guid(1cf63e77b79cc5b429f0230cf732fc3e) Importer(815301076,1909f56bfc062723c751e8b465ee728b)
Start importing Assets/Tiny Trees All Season/Models/Bushes/Bushes 1/Bushes Spring/Bush 3.fbx using Guid(1cf63e77b79cc5b429f0230cf732fc3e) Importer(815301076,1909f56bfc062723c751e8b465ee728b)  -> (artifact id: '7a67392ffb770c45effd51e968eea416') in 0.015858 seconds
Number of updated asset objects reloaded before import = 0
Number of asset objects unloaded after import = 14
========================================================================
Received Import Request.
  Time since last request: 0.000082 seconds.
  path: Assets/Tiny Trees All Season/Models/Bushes/Bushes 2/Bushes Autumn/Bush 3.fbx
  artifactKey: Guid(6220661b27f9a474c841aeb974c80d46) Importer(815301076,1909f56bfc062723c751e8b465ee728b)
Start importing Assets/Tiny Trees All Season/Models/Bushes/Bushes 2/Bushes Autumn/Bush 3.fbx using Guid(6220661b27f9a474c841aeb974c80d46) Importer(815301076,1909f56bfc062723c751e8b465ee728b)  -> (artifact id: 'fbe6f82a7187a629119aabbefa161cbc') in 0.020888 seconds
Number of updated asset objects reloaded before import = 0
Number of asset objects unloaded after import = 14
========================================================================
Received Import Request.
  Time since last request: 0.000170 seconds.
  path: Assets/Tiny Trees All Season/Models/Bushes/Bushes 1/Bushes Spring/Bush 2.fbx
  artifactKey: Guid(acc5317c7e9c8c14cb91aeee3b8aee20) Importer(815301076,1909f56bfc062723c751e8b465ee728b)
Start importing Assets/Tiny Trees All Season/Models/Bushes/Bushes 1/Bushes Spring/Bush 2.fbx using Guid(acc5317c7e9c8c14cb91aeee3b8aee20) Importer(815301076,1909f56bfc062723c751e8b465ee728b)  -> (artifact id: '9e7d815738540a56677ef8889b882eac') in 0.018324 seconds
Number of updated asset objects reloaded before import = 0
Number of asset objects unloaded after import = 14
========================================================================
Received Import Request.
  Time since last request: 0.000129 seconds.
  path: Assets/Tiny Trees All Season/Models/Bushes/Bushes 2/Bushes Spring/Bush 2.fbx
  artifactKey: Guid(a3ed709a8a26170479edd0884385e687) Importer(815301076,1909f56bfc062723c751e8b465ee728b)
Start importing Assets/Tiny Trees All Season/Models/Bushes/Bushes 2/Bushes Spring/Bush 2.fbx using Guid(a3ed709a8a26170479edd0884385e687) Importer(815301076,1909f56bfc062723c751e8b465ee728b)  -> (artifact id: '0518678e8840fcc11169b10c9250572e') in 0.017396 seconds
Number of updated asset objects reloaded before import = 0
Number of asset objects unloaded after import = 14
========================================================================
Received Import Request.
  Time since last request: 0.000042 seconds.
  path: Assets/Tiny Trees All Season/Models/Bushes/Bushes 2/Bushes Autumn/Bush 2.fbx
  artifactKey: Guid(4a69cbf4f1cca5f4083022c062bd50c1) Importer(815301076,1909f56bfc062723c751e8b465ee728b)
Start importing Assets/Tiny Trees All Season/Models/Bushes/Bushes 2/Bushes Autumn/Bush 2.fbx using Guid(4a69cbf4f1cca5f4083022c062bd50c1) Importer(815301076,1909f56bfc062723c751e8b465ee728b)  -> (artifact id: '38812067b4fa08d18a6db9d4189afade') in 0.017133 seconds
Number of updated asset objects reloaded before import = 0
Number of asset objects unloaded after import = 14
========================================================================
Received Import Request.
  Time since last request: 0.000156 seconds.
  path: Assets/Tiny Trees All Season/Prefabs/Bushes/Bushes 2/Bushes Spring/Bush 1.prefab
  artifactKey: Guid(3b32e08d93797fc49a706e297c90f753) Importer(815301076,1909f56bfc062723c751e8b465ee728b)
Start importing Assets/Tiny Trees All Season/Prefabs/Bushes/Bushes 2/Bushes Spring/Bush 1.prefab using Guid(3b32e08d93797fc49a706e297c90f753) Importer(815301076,1909f56bfc062723c751e8b465ee728b)  -> (artifact id: 'ca1327d8a8cb0db9d299ea6a1e49ecb1') in 0.005326 seconds
Number of updated asset objects reloaded before import = 0
Number of asset objects unloaded after import = 16
========================================================================
Received Import Request.
  Time since last request: 0.000034 seconds.
  path: Assets/Tiny Trees All Season/Models/Bushes/Bushes 2/Bushes Winter/Bush 1.fbx
  artifactKey: Guid(ed75a5a77cd2d3d429977089996fb143) Importer(815301076,1909f56bfc062723c751e8b465ee728b)
Start importing Assets/Tiny Trees All Season/Models/Bushes/Bushes 2/Bushes Winter/Bush 1.fbx using Guid(ed75a5a77cd2d3d429977089996fb143) Importer(815301076,1909f56bfc062723c751e8b465ee728b)  -> (artifact id: '18f9f895768ff865727510b1949b7f13') in 0.056005 seconds
Number of updated asset objects reloaded before import = 0
Number of asset objects unloaded after import = 44
Editor requested this worker to shutdown with reason: Scaling down because of idle timeout
TcpMessagingSession - receive error: operation aborted. errorcode: 89, details: Operation aborted.
AssetImportWorker is now disconnected from the server
Process exiting
